nohup: ignoring input

> @ai-coach/api-gateway@0.1.0 dev /home/emir/Desktop/AI-Interview-Simulator/apps/api-gateway
> nest start --watch

[2J[3J[H[[90m9:07:10 PM[0m] Starting compilation in watch mode...

[96msrc/common/guards/auth.guard.ts[0m:[93m60[0m:[93m11[0m - [91merror[0m[90m TS2561: [0mObject literal may only specify known properties, but 'accessToken' does not exist in type '{ access_token: string; }'. Did you mean to write 'access_token'?

[7m60[0m           accessToken: token,
[7m  [0m [91m          ~~~~~~~~~~~[0m

[[90m9:07:12 PM[0m] Found 1 error. Watching for file changes.

[2J[3J[H[[90m9:07:58 PM[0m] File change detected. Starting incremental compilation...

[[90m9:07:58 PM[0m] Found 0 errors. Watching for file changes.

[32m[Nest] 1259180  - [39m02/22/2026, 9:07:59 PM [32m    LOG[39m [38;5;3m[NestFactory] [39m[32mStarting Nest application...[39m
[32m[Nest] 1259180  - [39m02/22/2026, 9:07:59 PM [32m    LOG[39m [38;5;3m[InstanceLoader] [39m[32mGrpcClientsModule dependencies initialized[39m[38;5;3m +30ms[39m
[32m[Nest] 1259180  - [39m02/22/2026, 9:07:59 PM [32m    LOG[39m [38;5;3m[InstanceLoader] [39m[32mGrpcModule dependencies initialized[39m[38;5;3m +1ms[39m
[32m[Nest] 1259180  - [39m02/22/2026, 9:07:59 PM [32m    LOG[39m [38;5;3m[InstanceLoader] [39m[32mGrpcModule dependencies initialized[39m[38;5;3m +0ms[39m
[32m[Nest] 1259180  - [39m02/22/2026, 9:07:59 PM [32m    LOG[39m [38;5;3m[InstanceLoader] [39m[32mGrpcModule dependencies initialized[39m[38;5;3m +0ms[39m
[32m[Nest] 1259180  - [39m02/22/2026, 9:07:59 PM [32m    LOG[39m [38;5;3m[InstanceLoader] [39m[32mGrpcModule dependencies initialized[39m[38;5;3m +0ms[39m
[32m[Nest] 1259180  - [39m02/22/2026, 9:07:59 PM [32m    LOG[39m [38;5;3m[InstanceLoader] [39m[32mGrpcModule dependencies initialized[39m[38;5;3m +0ms[39m
[32m[Nest] 1259180  - [39m02/22/2026, 9:07:59 PM [32m    LOG[39m [38;5;3m[InstanceLoader] [39m[32mProxyModule dependencies initialized[39m[38;5;3m +0ms[39m
[32m[Nest] 1259180  - [39m02/22/2026, 9:07:59 PM [32m    LOG[39m [38;5;3m[InstanceLoader] [39m[32mConfigHostModule dependencies initialized[39m[38;5;3m +1ms[39m
[32m[Nest] 1259180  - [39m02/22/2026, 9:07:59 PM [32m    LOG[39m [38;5;3m[InstanceLoader] [39m[32mThrottlerModule dependencies initialized[39m[38;5;3m +1ms[39m
[32m[Nest] 1259180  - [39m02/22/2026, 9:07:59 PM [32m    LOG[39m [38;5;3m[InstanceLoader] [39m[32mConfigModule dependencies initialized[39m[38;5;3m +119ms[39m
[32m[Nest] 1259180  - [39m02/22/2026, 9:07:59 PM [32m    LOG[39m [38;5;3m[InstanceLoader] [39m[32mHealthModule dependencies initialized[39m[38;5;3m +0ms[39m
[32m[Nest] 1259180  - [39m02/22/2026, 9:07:59 PM [32m    LOG[39m [38;5;3m[InstanceLoader] [39m[32mClientsModule dependencies initialized[39m[38;5;3m +1ms[39m
[32m[Nest] 1259180  - [39m02/22/2026, 9:07:59 PM [32m    LOG[39m [38;5;3m[InstanceLoader] [39m[32mClientsModule dependencies initialized[39m[38;5;3m +0ms[39m
[32m[Nest] 1259180  - [39m02/22/2026, 9:07:59 PM [32m    LOG[39m [38;5;3m[InstanceLoader] [39m[32mClientsModule dependencies initialized[39m[38;5;3m +0ms[39m
[32m[Nest] 1259180  - [39m02/22/2026, 9:07:59 PM [32m    LOG[39m [38;5;3m[InstanceLoader] [39m[32mClientsModule dependencies initialized[39m[38;5;3m +0ms[39m
[32m[Nest] 1259180  - [39m02/22/2026, 9:07:59 PM [32m    LOG[39m [38;5;3m[InstanceLoader] [39m[32mClientsModule dependencies initialized[39m[38;5;3m +0ms[39m
[32m[Nest] 1259180  - [39m02/22/2026, 9:07:59 PM [32m    LOG[39m [38;5;3m[InstanceLoader] [39m[32mRoutesModule dependencies initialized[39m[38;5;3m +0ms[39m
[32m[Nest] 1259180  - [39m02/22/2026, 9:07:59 PM [32m    LOG[39m [38;5;3m[InstanceLoader] [39m[32mAppModule dependencies initialized[39m[38;5;3m +0ms[39m
[32m[Nest] 1259180  - [39m02/22/2026, 9:07:59 PM [32m    LOG[39m [38;5;3m[RoutesResolver] [39m[32mAuthController {/api/v1/auth}:[39m[38;5;3m +26ms[39m
[32m[Nest] 1259180  - [39m02/22/2026, 9:07:59 PM [32m    LOG[39m [38;5;3m[RouterExplorer] [39m[32mMapped {/api/v1/auth/register, POST} route[39m[38;5;3m +2ms[39m
[32m[Nest] 1259180  - [39m02/22/2026, 9:07:59 PM [32m    LOG[39m [38;5;3m[RouterExplorer] [39m[32mMapped {/api/v1/auth/login, POST} route[39m[38;5;3m +0ms[39m
[32m[Nest] 1259180  - [39m02/22/2026, 9:07:59 PM [32m    LOG[39m [38;5;3m[RouterExplorer] [39m[32mMapped {/api/v1/auth/refresh, POST} route[39m[38;5;3m +0ms[39m
[32m[Nest] 1259180  - [39m02/22/2026, 9:07:59 PM [32m    LOG[39m [38;5;3m[RouterExplorer] [39m[32mMapped {/api/v1/auth/logout, POST} route[39m[38;5;3m +1ms[39m
[32m[Nest] 1259180  - [39m02/22/2026, 9:07:59 PM [32m    LOG[39m [38;5;3m[RoutesResolver] [39m[32mUsersController {/api/v1/users}:[39m[38;5;3m +0ms[39m
[32m[Nest] 1259180  - [39m02/22/2026, 9:07:59 PM [32m    LOG[39m [38;5;3m[RouterExplorer] [39m[32mMapped {/api/v1/users/me, GET} route[39m[38;5;3m +0ms[39m
[32m[Nest] 1259180  - [39m02/22/2026, 9:07:59 PM [32m    LOG[39m [38;5;3m[RouterExplorer] [39m[32mMapped {/api/v1/users/me, PATCH} route[39m[38;5;3m +0ms[39m
[32m[Nest] 1259180  - [39m02/22/2026, 9:07:59 PM [32m    LOG[39m [38;5;3m[RouterExplorer] [39m[32mMapped {/api/v1/users/me/stats, GET} route[39m[38;5;3m +1ms[39m
[32m[Nest] 1259180  - [39m02/22/2026, 9:07:59 PM [32m    LOG[39m [38;5;3m[RouterExplorer] [39m[32mMapped {/api/v1/users, GET} route[39m[38;5;3m +0ms[39m
[32m[Nest] 1259180  - [39m02/22/2026, 9:07:59 PM [32m    LOG[39m [38;5;3m[RoutesResolver] [39m[32mQuestionsController {/api/v1/questions}:[39m[38;5;3m +0ms[39m
[32m[Nest] 1259180  - [39m02/22/2026, 9:07:59 PM [32m    LOG[39m [38;5;3m[RouterExplorer] [39m[32mMapped {/api/v1/questions, GET} route[39m[38;5;3m +0ms[39m
[32m[Nest] 1259180  - [39m02/22/2026, 9:07:59 PM [32m    LOG[39m [38;5;3m[RouterExplorer] [39m[32mMapped {/api/v1/questions/random, GET} route[39m[38;5;3m +1ms[39m
[32m[Nest] 1259180  - [39m02/22/2026, 9:07:59 PM [32m    LOG[39m [38;5;3m[RouterExplorer] [39m[32mMapped {/api/v1/questions/categories, GET} route[39m[38;5;3m +0ms[39m
[32m[Nest] 1259180  - [39m02/22/2026, 9:07:59 PM [32m    LOG[39m [38;5;3m[RouterExplorer] [39m[32mMapped {/api/v1/questions/tags, GET} route[39m[38;5;3m +0ms[39m
[32m[Nest] 1259180  - [39m02/22/2026, 9:07:59 PM [32m    LOG[39m [38;5;3m[RouterExplorer] [39m[32mMapped {/api/v1/questions/:id, GET} route[39m[38;5;3m +1ms[39m
[32m[Nest] 1259180  - [39m02/22/2026, 9:07:59 PM [32m    LOG[39m [38;5;3m[RouterExplorer] [39m[32mMapped {/api/v1/questions, POST} route[39m[38;5;3m +0ms[39m
[32m[Nest] 1259180  - [39m02/22/2026, 9:07:59 PM [32m    LOG[39m [38;5;3m[RouterExplorer] [39m[32mMapped {/api/v1/questions/generate, POST} route[39m[38;5;3m +0ms[39m
[32m[Nest] 1259180  - [39m02/22/2026, 9:07:59 PM [32m    LOG[39m [38;5;3m[RouterExplorer] [39m[32mMapped {/api/v1/questions/seed, POST} route[39m[38;5;3m +0ms[39m
[32m[Nest] 1259180  - [39m02/22/2026, 9:07:59 PM [32m    LOG[39m [38;5;3m[RouterExplorer] [39m[32mMapped {/api/v1/questions/:id, PATCH} route[39m[38;5;3m +0ms[39m
[32m[Nest] 1259180  - [39m02/22/2026, 9:07:59 PM [32m    LOG[39m [38;5;3m[RouterExplorer] [39m[32mMapped {/api/v1/questions/:id, DELETE} route[39m[38;5;3m +0ms[39m
[32m[Nest] 1259180  - [39m02/22/2026, 9:07:59 PM [32m    LOG[39m [38;5;3m[RoutesResolver] [39m[32mInterviewsController {/api/v1/interviews}:[39m[38;5;3m +1ms[39m
[32m[Nest] 1259180  - [39m02/22/2026, 9:07:59 PM [32m    LOG[39m [38;5;3m[RouterExplorer] [39m[32mMapped {/api/v1/interviews, GET} route[39m[38;5;3m +0ms[39m
[32m[Nest] 1259180  - [39m02/22/2026, 9:07:59 PM [32m    LOG[39m [38;5;3m[RouterExplorer] [39m[32mMapped {/api/v1/interviews/stats, GET} route[39m[38;5;3m +0ms[39m
[32m[Nest] 1259180  - [39m02/22/2026, 9:07:59 PM [32m    LOG[39m [38;5;3m[RouterExplorer] [39m[32mMapped {/api/v1/interviews/:id, GET} route[39m[38;5;3m +0ms[39m
[32m[Nest] 1259180  - [39m02/22/2026, 9:07:59 PM [32m    LOG[39m [38;5;3m[RouterExplorer] [39m[32mMapped {/api/v1/interviews, POST} route[39m[38;5;3m +0ms[39m
[32m[Nest] 1259180  - [39m02/22/2026, 9:07:59 PM [32m    LOG[39m [38;5;3m[RouterExplorer] [39m[32mMapped {/api/v1/interviews/:id/start, POST} route[39m[38;5;3m +0ms[39m
[32m[Nest] 1259180  - [39m02/22/2026, 9:07:59 PM [32m    LOG[39m [38;5;3m[RouterExplorer] [39m[32mMapped {/api/v1/interviews/:id/submit, POST} route[39m[38;5;3m +0ms[39m
[32m[Nest] 1259180  - [39m02/22/2026, 9:07:59 PM [32m    LOG[39m [38;5;3m[RouterExplorer] [39m[32mMapped {/api/v1/interviews/:id/complete, POST} route[39m[38;5;3m +1ms[39m
[32m[Nest] 1259180  - [39m02/22/2026, 9:07:59 PM [32m    LOG[39m [38;5;3m[RouterExplorer] [39m[32mMapped {/api/v1/interviews/:id/cancel, POST} route[39m[38;5;3m +0ms[39m
[32m[Nest] 1259180  - [39m02/22/2026, 9:07:59 PM [32m    LOG[39m [38;5;3m[RoutesResolver] [39m[32mAiController {/api/v1/ai}:[39m[38;5;3m +0ms[39m
[32m[Nest] 1259180  - [39m02/22/2026, 9:07:59 PM [32m    LOG[39m [38;5;3m[RouterExplorer] [39m[32mMapped {/api/v1/ai/generate-questions, POST} route[39m[38;5;3m +0ms[39m
[32m[Nest] 1259180  - [39m02/22/2026, 9:07:59 PM [32m    LOG[39m [38;5;3m[RouterExplorer] [39m[32mMapped {/api/v1/ai/vapi/webhook, POST} route[39m[38;5;3m +0ms[39m
[32m[Nest] 1259180  - [39m02/22/2026, 9:07:59 PM [32m    LOG[39m [38;5;3m[RoutesResolver] [39m[32mHealthController {/api/v1/health}:[39m[38;5;3m +0ms[39m
[32m[Nest] 1259180  - [39m02/22/2026, 9:07:59 PM [32m    LOG[39m [38;5;3m[RouterExplorer] [39m[32mMapped {/api/v1/health, GET} route[39m[38;5;3m +0ms[39m
[32m[Nest] 1259180  - [39m02/22/2026, 9:07:59 PM [32m    LOG[39m [38;5;3m[RouterExplorer] [39m[32mMapped {/api/v1/health/services, GET} route[39m[38;5;3m +0ms[39m
[32m[Nest] 1259180  - [39m02/22/2026, 9:07:59 PM [32m    LOG[39m [38;5;3m[RouterExplorer] [39m[32mMapped {/api/v1/health/live, GET} route[39m[38;5;3m +1ms[39m
[32m[Nest] 1259180  - [39m02/22/2026, 9:07:59 PM [32m    LOG[39m [38;5;3m[RouterExplorer] [39m[32mMapped {/api/v1/health/ready, GET} route[39m[38;5;3m +0ms[39m
[32m[Nest] 1259180  - [39m02/22/2026, 9:07:59 PM [32m    LOG[39m [38;5;3m[JwtAuthGuard] [39m[32mgRPC AuthService client initialized[39m
[32m[Nest] 1259180  - [39m02/22/2026, 9:07:59 PM [32m    LOG[39m [38;5;3m[NestApplication] [39m[32mNest application successfully started[39m[38;5;3m +1ms[39m
[31m[Nest] 1259180  - [39m02/22/2026, 9:07:59 PM [31m  ERROR[39m [38;5;3m[NestApplication] [39m[31mError: listen EADDRINUSE: address already in use :::3001[39m[38;5;3m +2ms[39m
Failed to start API Gateway: Error: listen EADDRINUSE: address already in use :::3001
    at Server.setupListenHandle [as _listen2] (node:net:1940:16)
    at listenInCluster (node:net:1997:12)
    at Server.listen (node:net:2102:7)
    at ExpressAdapter.listen (/home/emir/Desktop/AI-Interview-Simulator/node_modules/.pnpm/@nestjs+platform-express@11.1.13_@nestjs+common@11.1.13_class-transformer@0.5.1_class-validat_tbw3xntmd5mlw6344gxchvcbcq/node_modules/@nestjs/platform-express/adapters/express-adapter.js:127:32)
    at /home/emir/Desktop/AI-Interview-Simulator/node_modules/.pnpm/@nestjs+core@11.1.13_@nestjs+common@11.1.13_class-transformer@0.5.1_class-validator@0.14.3_re_gksdivxsbtos2mqf25jizlaef4/node_modules/@nestjs/core/nest-application.js:188:30
    at new Promise (<anonymous>)
    at NestApplication.listen (/home/emir/Desktop/AI-Interview-Simulator/node_modules/.pnpm/@nestjs+core@11.1.13_@nestjs+common@11.1.13_class-transformer@0.5.1_class-validator@0.14.3_re_gksdivxsbtos2mqf25jizlaef4/node_modules/@nestjs/core/nest-application.js:178:16)
    at async bootstrap (/home/emir/Desktop/AI-Interview-Simulator/apps/api-gateway/src/main.ts:52:3) {
  code: 'EADDRINUSE',
  errno: -98,
  syscall: 'listen',
  address: '::',
  port: 3001
}
[2J[3J[H[[90m9:08:57 PM[0m] File change detected. Starting incremental compilation...

[[90m9:08:57 PM[0m] Found 0 errors. Watching for file changes.

[32m[Nest] 1262085  - [39m02/22/2026, 9:08:58 PM [32m    LOG[39m [38;5;3m[NestFactory] [39m[32mStarting Nest application...[39m
[32m[Nest] 1262085  - [39m02/22/2026, 9:08:58 PM [32m    LOG[39m [38;5;3m[InstanceLoader] [39m[32mGrpcClientsModule dependencies initialized[39m[38;5;3m +13ms[39m
[32m[Nest] 1262085  - [39m02/22/2026, 9:08:58 PM [32m    LOG[39m [38;5;3m[InstanceLoader] [39m[32mGrpcModule dependencies initialized[39m[38;5;3m +1ms[39m
[32m[Nest] 1262085  - [39m02/22/2026, 9:08:58 PM [32m    LOG[39m [38;5;3m[InstanceLoader] [39m[32mGrpcModule dependencies initialized[39m[38;5;3m +0ms[39m
[32m[Nest] 1262085  - [39m02/22/2026, 9:08:58 PM [32m    LOG[39m [38;5;3m[InstanceLoader] [39m[32mGrpcModule dependencies initialized[39m[38;5;3m +0ms[39m
[32m[Nest] 1262085  - [39m02/22/2026, 9:08:58 PM [32m    LOG[39m [38;5;3m[InstanceLoader] [39m[32mGrpcModule dependencies initialized[39m[38;5;3m +0ms[39m
[32m[Nest] 1262085  - [39m02/22/2026, 9:08:58 PM [32m    LOG[39m [38;5;3m[InstanceLoader] [39m[32mGrpcModule dependencies initialized[39m[38;5;3m +0ms[39m
[32m[Nest] 1262085  - [39m02/22/2026, 9:08:58 PM [32m    LOG[39m [38;5;3m[InstanceLoader] [39m[32mProxyModule dependencies initialized[39m[38;5;3m +0ms[39m
[32m[Nest] 1262085  - [39m02/22/2026, 9:08:58 PM [32m    LOG[39m [38;5;3m[InstanceLoader] [39m[32mConfigHostModule dependencies initialized[39m[38;5;3m +0ms[39m
[32m[Nest] 1262085  - [39m02/22/2026, 9:08:58 PM [32m    LOG[39m [38;5;3m[InstanceLoader] [39m[32mThrottlerModule dependencies initialized[39m[38;5;3m +1ms[39m
[32m[Nest] 1262085  - [39m02/22/2026, 9:08:58 PM [32m    LOG[39m [38;5;3m[InstanceLoader] [39m[32mConfigModule dependencies initialized[39m[38;5;3m +89ms[39m
[32m[Nest] 1262085  - [39m02/22/2026, 9:08:58 PM [32m    LOG[39m [38;5;3m[InstanceLoader] [39m[32mHealthModule dependencies initialized[39m[38;5;3m +0ms[39m
[32m[Nest] 1262085  - [39m02/22/2026, 9:08:58 PM [32m    LOG[39m [38;5;3m[InstanceLoader] [39m[32mClientsModule dependencies initialized[39m[38;5;3m +1ms[39m
[32m[Nest] 1262085  - [39m02/22/2026, 9:08:58 PM [32m    LOG[39m [38;5;3m[InstanceLoader] [39m[32mClientsModule dependencies initialized[39m[38;5;3m +0ms[39m
[32m[Nest] 1262085  - [39m02/22/2026, 9:08:58 PM [32m    LOG[39m [38;5;3m[InstanceLoader] [39m[32mClientsModule dependencies initialized[39m[38;5;3m +0ms[39m
[32m[Nest] 1262085  - [39m02/22/2026, 9:08:58 PM [32m    LOG[39m [38;5;3m[InstanceLoader] [39m[32mClientsModule dependencies initialized[39m[38;5;3m +0ms[39m
[32m[Nest] 1262085  - [39m02/22/2026, 9:08:58 PM [32m    LOG[39m [38;5;3m[InstanceLoader] [39m[32mClientsModule dependencies initialized[39m[38;5;3m +0ms[39m
[32m[Nest] 1262085  - [39m02/22/2026, 9:08:58 PM [32m    LOG[39m [38;5;3m[InstanceLoader] [39m[32mRoutesModule dependencies initialized[39m[38;5;3m +0ms[39m
[32m[Nest] 1262085  - [39m02/22/2026, 9:08:58 PM [32m    LOG[39m [38;5;3m[InstanceLoader] [39m[32mAppModule dependencies initialized[39m[38;5;3m +0ms[39m
[32m[Nest] 1262085  - [39m02/22/2026, 9:08:58 PM [32m    LOG[39m [38;5;3m[RoutesResolver] [39m[32mAuthController {/api/v1/auth}:[39m[38;5;3m +25ms[39m
[32m[Nest] 1262085  - [39m02/22/2026, 9:08:58 PM [32m    LOG[39m [38;5;3m[RouterExplorer] [39m[32mMapped {/api/v1/auth/register, POST} route[39m[38;5;3m +3ms[39m
[32m[Nest] 1262085  - [39m02/22/2026, 9:08:58 PM [32m    LOG[39m [38;5;3m[RouterExplorer] [39m[32mMapped {/api/v1/auth/login, POST} route[39m[38;5;3m +0ms[39m
[32m[Nest] 1262085  - [39m02/22/2026, 9:08:58 PM [32m    LOG[39m [38;5;3m[RouterExplorer] [39m[32mMapped {/api/v1/auth/refresh, POST} route[39m[38;5;3m +1ms[39m
[32m[Nest] 1262085  - [39m02/22/2026, 9:08:58 PM [32m    LOG[39m [38;5;3m[RouterExplorer] [39m[32mMapped {/api/v1/auth/logout, POST} route[39m[38;5;3m +0ms[39m
[32m[Nest] 1262085  - [39m02/22/2026, 9:08:58 PM [32m    LOG[39m [38;5;3m[RoutesResolver] [39m[32mUsersController {/api/v1/users}:[39m[38;5;3m +0ms[39m
[32m[Nest] 1262085  - [39m02/22/2026, 9:08:58 PM [32m    LOG[39m [38;5;3m[RouterExplorer] [39m[32mMapped {/api/v1/users/me, GET} route[39m[38;5;3m +0ms[39m
[32m[Nest] 1262085  - [39m02/22/2026, 9:08:58 PM [32m    LOG[39m [38;5;3m[RouterExplorer] [39m[32mMapped {/api/v1/users/me, PATCH} route[39m[38;5;3m +1ms[39m
[32m[Nest] 1262085  - [39m02/22/2026, 9:08:58 PM [32m    LOG[39m [38;5;3m[RouterExplorer] [39m[32mMapped {/api/v1/users/me/stats, GET} route[39m[38;5;3m +0ms[39m
[32m[Nest] 1262085  - [39m02/22/2026, 9:08:58 PM [32m    LOG[39m [38;5;3m[RouterExplorer] [39m[32mMapped {/api/v1/users, GET} route[39m[38;5;3m +0ms[39m
[32m[Nest] 1262085  - [39m02/22/2026, 9:08:58 PM [32m    LOG[39m [38;5;3m[RoutesResolver] [39m[32mQuestionsController {/api/v1/questions}:[39m[38;5;3m +0ms[39m
[32m[Nest] 1262085  - [39m02/22/2026, 9:08:58 PM [32m    LOG[39m [38;5;3m[RouterExplorer] [39m[32mMapped {/api/v1/questions, GET} route[39m[38;5;3m +1ms[39m
[32m[Nest] 1262085  - [39m02/22/2026, 9:08:58 PM [32m    LOG[39m [38;5;3m[RouterExplorer] [39m[32mMapped {/api/v1/questions/random, GET} route[39m[38;5;3m +0ms[39m
[32m[Nest] 1262085  - [39m02/22/2026, 9:08:58 PM [32m    LOG[39m [38;5;3m[RouterExplorer] [39m[32mMapped {/api/v1/questions/categories, GET} route[39m[38;5;3m +0ms[39m
[32m[Nest] 1262085  - [39m02/22/2026, 9:08:58 PM [32m    LOG[39m [38;5;3m[RouterExplorer] [39m[32mMapped {/api/v1/questions/tags, GET} route[39m[38;5;3m +1ms[39m
[32m[Nest] 1262085  - [39m02/22/2026, 9:08:58 PM [32m    LOG[39m [38;5;3m[RouterExplorer] [39m[32mMapped {/api/v1/questions/:id, GET} route[39m[38;5;3m +0ms[39m
[32m[Nest] 1262085  - [39m02/22/2026, 9:08:58 PM [32m    LOG[39m [38;5;3m[RouterExplorer] [39m[32mMapped {/api/v1/questions, POST} route[39m[38;5;3m +0ms[39m
[32m[Nest] 1262085  - [39m02/22/2026, 9:08:58 PM [32m    LOG[39m [38;5;3m[RouterExplorer] [39m[32mMapped {/api/v1/questions/generate, POST} route[39m[38;5;3m +0ms[39m
[32m[Nest] 1262085  - [39m02/22/2026, 9:08:58 PM [32m    LOG[39m [38;5;3m[RouterExplorer] [39m[32mMapped {/api/v1/questions/seed, POST} route[39m[38;5;3m +0ms[39m
[32m[Nest] 1262085  - [39m02/22/2026, 9:08:58 PM [32m    LOG[39m [38;5;3m[RouterExplorer] [39m[32mMapped {/api/v1/questions/:id, PATCH} route[39m[38;5;3m +1ms[39m
[32m[Nest] 1262085  - [39m02/22/2026, 9:08:58 PM [32m    LOG[39m [38;5;3m[RouterExplorer] [39m[32mMapped {/api/v1/questions/:id, DELETE} route[39m[38;5;3m +0ms[39m
[32m[Nest] 1262085  - [39m02/22/2026, 9:08:58 PM [32m    LOG[39m [38;5;3m[RoutesResolver] [39m[32mInterviewsController {/api/v1/interviews}:[39m[38;5;3m +0ms[39m
[32m[Nest] 1262085  - [39m02/22/2026, 9:08:58 PM [32m    LOG[39m [38;5;3m[RouterExplorer] [39m[32mMapped {/api/v1/interviews, GET} route[39m[38;5;3m +0ms[39m
[32m[Nest] 1262085  - [39m02/22/2026, 9:08:58 PM [32m    LOG[39m [38;5;3m[RouterExplorer] [39m[32mMapped {/api/v1/interviews/stats, GET} route[39m[38;5;3m +0ms[39m
[32m[Nest] 1262085  - [39m02/22/2026, 9:08:58 PM [32m    LOG[39m [38;5;3m[RouterExplorer] [39m[32mMapped {/api/v1/interviews/:id, GET} route[39m[38;5;3m +1ms[39m
[32m[Nest] 1262085  - [39m02/22/2026, 9:08:58 PM [32m    LOG[39m [38;5;3m[RouterExplorer] [39m[32mMapped {/api/v1/interviews, POST} route[39m[38;5;3m +0ms[39m
[32m[Nest] 1262085  - [39m02/22/2026, 9:08:58 PM [32m    LOG[39m [38;5;3m[RouterExplorer] [39m[32mMapped {/api/v1/interviews/:id/start, POST} route[39m[38;5;3m +0ms[39m
[32m[Nest] 1262085  - [39m02/22/2026, 9:08:58 PM [32m    LOG[39m [38;5;3m[RouterExplorer] [39m[32mMapped {/api/v1/interviews/:id/submit, POST} route[39m[38;5;3m +0ms[39m
[32m[Nest] 1262085  - [39m02/22/2026, 9:08:58 PM [32m    LOG[39m [38;5;3m[RouterExplorer] [39m[32mMapped {/api/v1/interviews/:id/complete, POST} route[39m[38;5;3m +0ms[39m
[32m[Nest] 1262085  - [39m02/22/2026, 9:08:58 PM [32m    LOG[39m [38;5;3m[RouterExplorer] [39m[32mMapped {/api/v1/interviews/:id/cancel, POST} route[39m[38;5;3m +0ms[39m
[32m[Nest] 1262085  - [39m02/22/2026, 9:08:58 PM [32m    LOG[39m [38;5;3m[RoutesResolver] [39m[32mAiController {/api/v1/ai}:[39m[38;5;3m +0ms[39m
[32m[Nest] 1262085  - [39m02/22/2026, 9:08:58 PM [32m    LOG[39m [38;5;3m[RouterExplorer] [39m[32mMapped {/api/v1/ai/generate-questions, POST} route[39m[38;5;3m +1ms[39m
[32m[Nest] 1262085  - [39m02/22/2026, 9:08:58 PM [32m    LOG[39m [38;5;3m[RouterExplorer] [39m[32mMapped {/api/v1/ai/vapi/webhook, POST} route[39m[38;5;3m +0ms[39m
[32m[Nest] 1262085  - [39m02/22/2026, 9:08:58 PM [32m    LOG[39m [38;5;3m[RoutesResolver] [39m[32mHealthController {/api/v1/health}:[39m[38;5;3m +0ms[39m
[32m[Nest] 1262085  - [39m02/22/2026, 9:08:58 PM [32m    LOG[39m [38;5;3m[RouterExplorer] [39m[32mMapped {/api/v1/health, GET} route[39m[38;5;3m +0ms[39m
[32m[Nest] 1262085  - [39m02/22/2026, 9:08:58 PM [32m    LOG[39m [38;5;3m[RouterExplorer] [39m[32mMapped {/api/v1/health/services, GET} route[39m[38;5;3m +0ms[39m
[32m[Nest] 1262085  - [39m02/22/2026, 9:08:58 PM [32m    LOG[39m [38;5;3m[RouterExplorer] [39m[32mMapped {/api/v1/health/live, GET} route[39m[38;5;3m +0ms[39m
[32m[Nest] 1262085  - [39m02/22/2026, 9:08:58 PM [32m    LOG[39m [38;5;3m[RouterExplorer] [39m[32mMapped {/api/v1/health/ready, GET} route[39m[38;5;3m +0ms[39m
[32m[Nest] 1262085  - [39m02/22/2026, 9:08:58 PM [32m    LOG[39m [38;5;3m[JwtAuthGuard] [39m[32mgRPC AuthService client initialized[39m
[32m[Nest] 1262085  - [39m02/22/2026, 9:08:58 PM [32m    LOG[39m [38;5;3m[NestApplication] [39m[32mNest application successfully started[39m[38;5;3m +1ms[39m
[32m[Nest] 1262085  - [39m02/22/2026, 9:08:58 PM [32m    LOG[39m [38;5;3m[ApiGateway] [39m[32mAPI Gateway running on port 3001[39m
[32m[Nest] 1262085  - [39m02/22/2026, 9:08:58 PM [32m    LOG[39m [38;5;3m[ApiGateway] [39m[32mEnvironment: development[39m
[32m[Nest] 1262085  - [39m02/22/2026, 9:08:58 PM [32m    LOG[39m [38;5;3m[ApiGateway] [39m[32mSwagger docs: http://localhost:3001/docs[39m
[32m[Nest] 1262085  - [39m02/22/2026, 9:09:15 PM [32m    LOG[39m [38;5;3m[HTTP] [39m[32m→ POST /api/v1/auth/login[39m
[95m[Nest] 1262085  - [39m02/22/2026, 9:09:15 PM [95m  DEBUG[39m [38;5;3m[ProxyService] [39m[95mProxying POST http://localhost:3002/api/v1/auth/login[39m
[32m[Nest] 1262085  - [39m02/22/2026, 9:09:15 PM [32m    LOG[39m [38;5;3m[HTTP] [39m[32m← POST /api/v1/auth/login - 344ms[39m
[32m[Nest] 1262085  - [39m02/22/2026, 9:09:15 PM [32m    LOG[39m [38;5;3m[HTTP] [39m[32m→ GET /api/v1/users/me[39m
[31m[Nest] 1262085  - [39m02/22/2026, 9:09:15 PM [31m  ERROR[39m [38;5;3m[HTTP] [39m[31m← GET /api/v1/users/me - 17ms - Error: 2 UNKNOWN: Internal server error[39m
[31m[Nest] 1262085  - [39m02/22/2026, 9:09:15 PM [31m  ERROR[39m [38;5;3m[GlobalExceptionFilter] [39m[31mUnhandled error: 2 UNKNOWN: Internal server error[39m
Error: 2 UNKNOWN: Internal server error
    at callErrorFromStatus (/home/emir/Desktop/AI-Interview-Simulator/node_modules/.pnpm/@grpc+grpc-js@1.14.3/node_modules/@grpc/grpc-js/src/call.ts:84:17)
    at Object.onReceiveStatus (/home/emir/Desktop/AI-Interview-Simulator/node_modules/.pnpm/@grpc+grpc-js@1.14.3/node_modules/@grpc/grpc-js/src/client.ts:360:55)
    at Object.onReceiveStatus (/home/emir/Desktop/AI-Interview-Simulator/node_modules/.pnpm/@grpc+grpc-js@1.14.3/node_modules/@grpc/grpc-js/src/client-interceptors.ts:466:34)
    at Object.onReceiveStatus (/home/emir/Desktop/AI-Interview-Simulator/node_modules/.pnpm/@grpc+grpc-js@1.14.3/node_modules/@grpc/grpc-js/src/client-interceptors.ts:424:48)
    at <anonymous> (/home/emir/Desktop/AI-Interview-Simulator/node_modules/.pnpm/@grpc+grpc-js@1.14.3/node_modules/@grpc/grpc-js/src/resolving-call.ts:170:24)
    at process.processTicksAndRejections (node:internal/process/task_queues:85:11)
for call at
    at ServiceClientImpl.makeUnaryRequest (/home/emir/Desktop/AI-Interview-Simulator/node_modules/.pnpm/@grpc+grpc-js@1.14.3/node_modules/@grpc/grpc-js/src/client.ts:325:42)
    at ServiceClientImpl.<anonymous> (/home/emir/Desktop/AI-Interview-Simulator/node_modules/.pnpm/@grpc+grpc-js@1.14.3/node_modules/@grpc/grpc-js/src/make-client.ts:189:15)
    at Observable._subscribe (/home/emir/Desktop/AI-Interview-Simulator/node_modules/.pnpm/@nestjs+microservices@11.1.13_@grpc+grpc-js@1.14.3_@nestjs+common@11.1.13_class-transformer@0_kvylphvbp5kgkf3hg4ckghhgc4/node_modules/@nestjs/microservices/client/client-grpc.js:198:48)
    at Observable.Observable._trySubscribe (/home/emir/Desktop/AI-Interview-Simulator/node_modules/.pnpm/rxjs@7.8.2/node_modules/rxjs/src/internal/Observable.ts:235:19)
    at <anonymous> (/home/emir/Desktop/AI-Interview-Simulator/node_modules/.pnpm/rxjs@7.8.2/node_modules/rxjs/src/internal/Observable.ts:225:18)
    at Object.errorContext (/home/emir/Desktop/AI-Interview-Simulator/node_modules/.pnpm/rxjs@7.8.2/node_modules/rxjs/src/internal/util/errorContext.ts:29:5)
    at Observable.Observable.subscribe (/home/emir/Desktop/AI-Interview-Simulator/node_modules/.pnpm/rxjs@7.8.2/node_modules/rxjs/src/internal/Observable.ts:211:5)
    at <anonymous> (/home/emir/Desktop/AI-Interview-Simulator/node_modules/.pnpm/rxjs@7.8.2/node_modules/rxjs/src/internal/firstValueFrom.ts:73:12)
    at new Promise (<anonymous>)
    at firstValueFrom (/home/emir/Desktop/AI-Interview-Simulator/node_modules/.pnpm/rxjs@7.8.2/node_modules/rxjs/src/internal/firstValueFrom.ts:58:10)
[31m[Nest] 1262085  - [39m02/22/2026, 9:09:15 PM [31m  ERROR[39m [38;5;3m[GlobalExceptionFilter] [39m[31mGET /api/v1/users/me - 500[39m
{"statusCode":500,"timestamp":"2026-02-22T18:09:15.745Z","path":"/api/v1/users/me","method":"GET","message":"2 UNKNOWN: Internal server error","error":"Internal Server Error"}
[32m[Nest] 1262085  - [39m02/22/2026, 9:10:23 PM [32m    LOG[39m [38;5;3m[HTTP] [39m[32m→ POST /api/v1/auth/login[39m
[95m[Nest] 1262085  - [39m02/22/2026, 9:10:23 PM [95m  DEBUG[39m [38;5;3m[ProxyService] [39m[95mProxying POST http://localhost:3002/api/v1/auth/login[39m
[32m[Nest] 1262085  - [39m02/22/2026, 9:10:23 PM [32m    LOG[39m [38;5;3m[HTTP] [39m[32m← POST /api/v1/auth/login - 334ms[39m
[32m[Nest] 1262085  - [39m02/22/2026, 9:10:23 PM [32m    LOG[39m [38;5;3m[HTTP] [39m[32m→ GET /api/v1/users/me[39m
[31m[Nest] 1262085  - [39m02/22/2026, 9:10:23 PM [31m  ERROR[39m [38;5;3m[HTTP] [39m[31m← GET /api/v1/users/me - 21ms - Error: 2 UNKNOWN: Internal server error[39m
[31m[Nest] 1262085  - [39m02/22/2026, 9:10:23 PM [31m  ERROR[39m [38;5;3m[GlobalExceptionFilter] [39m[31mUnhandled error: 2 UNKNOWN: Internal server error[39m
Error: 2 UNKNOWN: Internal server error
    at callErrorFromStatus (/home/emir/Desktop/AI-Interview-Simulator/node_modules/.pnpm/@grpc+grpc-js@1.14.3/node_modules/@grpc/grpc-js/src/call.ts:84:17)
    at Object.onReceiveStatus (/home/emir/Desktop/AI-Interview-Simulator/node_modules/.pnpm/@grpc+grpc-js@1.14.3/node_modules/@grpc/grpc-js/src/client.ts:360:55)
    at Object.onReceiveStatus (/home/emir/Desktop/AI-Interview-Simulator/node_modules/.pnpm/@grpc+grpc-js@1.14.3/node_modules/@grpc/grpc-js/src/client-interceptors.ts:466:34)
    at Object.onReceiveStatus (/home/emir/Desktop/AI-Interview-Simulator/node_modules/.pnpm/@grpc+grpc-js@1.14.3/node_modules/@grpc/grpc-js/src/client-interceptors.ts:424:48)
    at <anonymous> (/home/emir/Desktop/AI-Interview-Simulator/node_modules/.pnpm/@grpc+grpc-js@1.14.3/node_modules/@grpc/grpc-js/src/resolving-call.ts:170:24)
    at process.processTicksAndRejections (node:internal/process/task_queues:85:11)
for call at
    at ServiceClientImpl.makeUnaryRequest (/home/emir/Desktop/AI-Interview-Simulator/node_modules/.pnpm/@grpc+grpc-js@1.14.3/node_modules/@grpc/grpc-js/src/client.ts:325:42)
    at ServiceClientImpl.<anonymous> (/home/emir/Desktop/AI-Interview-Simulator/node_modules/.pnpm/@grpc+grpc-js@1.14.3/node_modules/@grpc/grpc-js/src/make-client.ts:189:15)
    at Observable._subscribe (/home/emir/Desktop/AI-Interview-Simulator/node_modules/.pnpm/@nestjs+microservices@11.1.13_@grpc+grpc-js@1.14.3_@nestjs+common@11.1.13_class-transformer@0_kvylphvbp5kgkf3hg4ckghhgc4/node_modules/@nestjs/microservices/client/client-grpc.js:198:48)
    at Observable.Observable._trySubscribe (/home/emir/Desktop/AI-Interview-Simulator/node_modules/.pnpm/rxjs@7.8.2/node_modules/rxjs/src/internal/Observable.ts:235:19)
    at <anonymous> (/home/emir/Desktop/AI-Interview-Simulator/node_modules/.pnpm/rxjs@7.8.2/node_modules/rxjs/src/internal/Observable.ts:225:18)
    at Object.errorContext (/home/emir/Desktop/AI-Interview-Simulator/node_modules/.pnpm/rxjs@7.8.2/node_modules/rxjs/src/internal/util/errorContext.ts:29:5)
    at Observable.Observable.subscribe (/home/emir/Desktop/AI-Interview-Simulator/node_modules/.pnpm/rxjs@7.8.2/node_modules/rxjs/src/internal/Observable.ts:211:5)
    at <anonymous> (/home/emir/Desktop/AI-Interview-Simulator/node_modules/.pnpm/rxjs@7.8.2/node_modules/rxjs/src/internal/firstValueFrom.ts:73:12)
    at new Promise (<anonymous>)
    at firstValueFrom (/home/emir/Desktop/AI-Interview-Simulator/node_modules/.pnpm/rxjs@7.8.2/node_modules/rxjs/src/internal/firstValueFrom.ts:58:10)
[31m[Nest] 1262085  - [39m02/22/2026, 9:10:23 PM [31m  ERROR[39m [38;5;3m[GlobalExceptionFilter] [39m[31mGET /api/v1/users/me - 500[39m
{"statusCode":500,"timestamp":"2026-02-22T18:10:23.993Z","path":"/api/v1/users/me","method":"GET","message":"2 UNKNOWN: Internal server error","error":"Internal Server Error"}
[32m[Nest] 1262085  - [39m02/22/2026, 9:11:02 PM [32m    LOG[39m [38;5;3m[HTTP] [39m[32m→ POST /api/v1/auth/login[39m
[95m[Nest] 1262085  - [39m02/22/2026, 9:11:02 PM [95m  DEBUG[39m [38;5;3m[ProxyService] [39m[95mProxying POST http://localhost:3002/api/v1/auth/login[39m
[32m[Nest] 1262085  - [39m02/22/2026, 9:11:02 PM [32m    LOG[39m [38;5;3m[HTTP] [39m[32m← POST /api/v1/auth/login - 329ms[39m
[32m[Nest] 1262085  - [39m02/22/2026, 9:11:02 PM [32m    LOG[39m [38;5;3m[HTTP] [39m[32m→ GET /api/v1/users/me[39m
[31m[Nest] 1262085  - [39m02/22/2026, 9:11:03 PM [31m  ERROR[39m [38;5;3m[HTTP] [39m[31m← GET /api/v1/users/me - 37ms - Error: 2 UNKNOWN: Internal server error[39m
[31m[Nest] 1262085  - [39m02/22/2026, 9:11:03 PM [31m  ERROR[39m [38;5;3m[GlobalExceptionFilter] [39m[31mUnhandled error: 2 UNKNOWN: Internal server error[39m
Error: 2 UNKNOWN: Internal server error
    at callErrorFromStatus (/home/emir/Desktop/AI-Interview-Simulator/node_modules/.pnpm/@grpc+grpc-js@1.14.3/node_modules/@grpc/grpc-js/src/call.ts:84:17)
    at Object.onReceiveStatus (/home/emir/Desktop/AI-Interview-Simulator/node_modules/.pnpm/@grpc+grpc-js@1.14.3/node_modules/@grpc/grpc-js/src/client.ts:360:55)
    at Object.onReceiveStatus (/home/emir/Desktop/AI-Interview-Simulator/node_modules/.pnpm/@grpc+grpc-js@1.14.3/node_modules/@grpc/grpc-js/src/client-interceptors.ts:466:34)
    at Object.onReceiveStatus (/home/emir/Desktop/AI-Interview-Simulator/node_modules/.pnpm/@grpc+grpc-js@1.14.3/node_modules/@grpc/grpc-js/src/client-interceptors.ts:424:48)
    at <anonymous> (/home/emir/Desktop/AI-Interview-Simulator/node_modules/.pnpm/@grpc+grpc-js@1.14.3/node_modules/@grpc/grpc-js/src/resolving-call.ts:170:24)
    at process.processTicksAndRejections (node:internal/process/task_queues:85:11)
for call at
    at ServiceClientImpl.makeUnaryRequest (/home/emir/Desktop/AI-Interview-Simulator/node_modules/.pnpm/@grpc+grpc-js@1.14.3/node_modules/@grpc/grpc-js/src/client.ts:325:42)
    at ServiceClientImpl.<anonymous> (/home/emir/Desktop/AI-Interview-Simulator/node_modules/.pnpm/@grpc+grpc-js@1.14.3/node_modules/@grpc/grpc-js/src/make-client.ts:189:15)
    at Observable._subscribe (/home/emir/Desktop/AI-Interview-Simulator/node_modules/.pnpm/@nestjs+microservices@11.1.13_@grpc+grpc-js@1.14.3_@nestjs+common@11.1.13_class-transformer@0_kvylphvbp5kgkf3hg4ckghhgc4/node_modules/@nestjs/microservices/client/client-grpc.js:198:48)
    at Observable.Observable._trySubscribe (/home/emir/Desktop/AI-Interview-Simulator/node_modules/.pnpm/rxjs@7.8.2/node_modules/rxjs/src/internal/Observable.ts:235:19)
    at <anonymous> (/home/emir/Desktop/AI-Interview-Simulator/node_modules/.pnpm/rxjs@7.8.2/node_modules/rxjs/src/internal/Observable.ts:225:18)
    at Object.errorContext (/home/emir/Desktop/AI-Interview-Simulator/node_modules/.pnpm/rxjs@7.8.2/node_modules/rxjs/src/internal/util/errorContext.ts:29:5)
    at Observable.Observable.subscribe (/home/emir/Desktop/AI-Interview-Simulator/node_modules/.pnpm/rxjs@7.8.2/node_modules/rxjs/src/internal/Observable.ts:211:5)
    at <anonymous> (/home/emir/Desktop/AI-Interview-Simulator/node_modules/.pnpm/rxjs@7.8.2/node_modules/rxjs/src/internal/firstValueFrom.ts:73:12)
    at new Promise (<anonymous>)
    at firstValueFrom (/home/emir/Desktop/AI-Interview-Simulator/node_modules/.pnpm/rxjs@7.8.2/node_modules/rxjs/src/internal/firstValueFrom.ts:58:10)
[31m[Nest] 1262085  - [39m02/22/2026, 9:11:03 PM [31m  ERROR[39m [38;5;3m[GlobalExceptionFilter] [39m[31mGET /api/v1/users/me - 500[39m
{"statusCode":500,"timestamp":"2026-02-22T18:11:03.021Z","path":"/api/v1/users/me","method":"GET","message":"2 UNKNOWN: Internal server error","error":"Internal Server Error"}
[2J[3J[H[[90m9:11:51 PM[0m] File change detected. Starting incremental compilation...

[[90m9:11:51 PM[0m] Found 0 errors. Watching for file changes.

[32m[Nest] 1269944  - [39m02/22/2026, 9:11:52 PM [32m    LOG[39m [38;5;3m[NestFactory] [39m[32mStarting Nest application...[39m
[32m[Nest] 1269944  - [39m02/22/2026, 9:11:52 PM [32m    LOG[39m [38;5;3m[InstanceLoader] [39m[32mGrpcClientsModule dependencies initialized[39m[38;5;3m +8ms[39m
[32m[Nest] 1269944  - [39m02/22/2026, 9:11:52 PM [32m    LOG[39m [38;5;3m[InstanceLoader] [39m[32mGrpcModule dependencies initialized[39m[38;5;3m +0ms[39m
[32m[Nest] 1269944  - [39m02/22/2026, 9:11:52 PM [32m    LOG[39m [38;5;3m[InstanceLoader] [39m[32mGrpcModule dependencies initialized[39m[38;5;3m +0ms[39m
[32m[Nest] 1269944  - [39m02/22/2026, 9:11:52 PM [32m    LOG[39m [38;5;3m[InstanceLoader] [39m[32mGrpcModule dependencies initialized[39m[38;5;3m +0ms[39m
[32m[Nest] 1269944  - [39m02/22/2026, 9:11:52 PM [32m    LOG[39m [38;5;3m[InstanceLoader] [39m[32mGrpcModule dependencies initialized[39m[38;5;3m +0ms[39m
[32m[Nest] 1269944  - [39m02/22/2026, 9:11:52 PM [32m    LOG[39m [38;5;3m[InstanceLoader] [39m[32mGrpcModule dependencies initialized[39m[38;5;3m +0ms[39m
[32m[Nest] 1269944  - [39m02/22/2026, 9:11:52 PM [32m    LOG[39m [38;5;3m[InstanceLoader] [39m[32mProxyModule dependencies initialized[39m[38;5;3m +0ms[39m
[32m[Nest] 1269944  - [39m02/22/2026, 9:11:52 PM [32m    LOG[39m [38;5;3m[InstanceLoader] [39m[32mConfigHostModule dependencies initialized[39m[38;5;3m +0ms[39m
[32m[Nest] 1269944  - [39m02/22/2026, 9:11:52 PM [32m    LOG[39m [38;5;3m[InstanceLoader] [39m[32mThrottlerModule dependencies initialized[39m[38;5;3m +1ms[39m
[32m[Nest] 1269944  - [39m02/22/2026, 9:11:52 PM [32m    LOG[39m [38;5;3m[InstanceLoader] [39m[32mConfigModule dependencies initialized[39m[38;5;3m +54ms[39m
[32m[Nest] 1269944  - [39m02/22/2026, 9:11:52 PM [32m    LOG[39m [38;5;3m[InstanceLoader] [39m[32mHealthModule dependencies initialized[39m[38;5;3m +0ms[39m
[32m[Nest] 1269944  - [39m02/22/2026, 9:11:52 PM [32m    LOG[39m [38;5;3m[InstanceLoader] [39m[32mClientsModule dependencies initialized[39m[38;5;3m +1ms[39m
[32m[Nest] 1269944  - [39m02/22/2026, 9:11:52 PM [32m    LOG[39m [38;5;3m[InstanceLoader] [39m[32mClientsModule dependencies initialized[39m[38;5;3m +0ms[39m
[32m[Nest] 1269944  - [39m02/22/2026, 9:11:52 PM [32m    LOG[39m [38;5;3m[InstanceLoader] [39m[32mClientsModule dependencies initialized[39m[38;5;3m +0ms[39m
[32m[Nest] 1269944  - [39m02/22/2026, 9:11:52 PM [32m    LOG[39m [38;5;3m[InstanceLoader] [39m[32mClientsModule dependencies initialized[39m[38;5;3m +0ms[39m
[32m[Nest] 1269944  - [39m02/22/2026, 9:11:52 PM [32m    LOG[39m [38;5;3m[InstanceLoader] [39m[32mClientsModule dependencies initialized[39m[38;5;3m +0ms[39m
[32m[Nest] 1269944  - [39m02/22/2026, 9:11:52 PM [32m    LOG[39m [38;5;3m[InstanceLoader] [39m[32mRoutesModule dependencies initialized[39m[38;5;3m +0ms[39m
[32m[Nest] 1269944  - [39m02/22/2026, 9:11:52 PM [32m    LOG[39m [38;5;3m[InstanceLoader] [39m[32mAppModule dependencies initialized[39m[38;5;3m +0ms[39m
[32m[Nest] 1269944  - [39m02/22/2026, 9:11:52 PM [32m    LOG[39m [38;5;3m[RoutesResolver] [39m[32mAuthController {/api/v1/auth}:[39m[38;5;3m +15ms[39m
[32m[Nest] 1269944  - [39m02/22/2026, 9:11:52 PM [32m    LOG[39m [38;5;3m[RouterExplorer] [39m[32mMapped {/api/v1/auth/register, POST} route[39m[38;5;3m +2ms[39m
[32m[Nest] 1269944  - [39m02/22/2026, 9:11:52 PM [32m    LOG[39m [38;5;3m[RouterExplorer] [39m[32mMapped {/api/v1/auth/login, POST} route[39m[38;5;3m +0ms[39m
[32m[Nest] 1269944  - [39m02/22/2026, 9:11:52 PM [32m    LOG[39m [38;5;3m[RouterExplorer] [39m[32mMapped {/api/v1/auth/refresh, POST} route[39m[38;5;3m +0ms[39m
[32m[Nest] 1269944  - [39m02/22/2026, 9:11:52 PM [32m    LOG[39m [38;5;3m[RouterExplorer] [39m[32mMapped {/api/v1/auth/logout, POST} route[39m[38;5;3m +0ms[39m
[32m[Nest] 1269944  - [39m02/22/2026, 9:11:52 PM [32m    LOG[39m [38;5;3m[RoutesResolver] [39m[32mUsersController {/api/v1/users}:[39m[38;5;3m +0ms[39m
[32m[Nest] 1269944  - [39m02/22/2026, 9:11:52 PM [32m    LOG[39m [38;5;3m[RouterExplorer] [39m[32mMapped {/api/v1/users/me, GET} route[39m[38;5;3m +0ms[39m
[32m[Nest] 1269944  - [39m02/22/2026, 9:11:52 PM [32m    LOG[39m [38;5;3m[RouterExplorer] [39m[32mMapped {/api/v1/users/me, PATCH} route[39m[38;5;3m +1ms[39m
[32m[Nest] 1269944  - [39m02/22/2026, 9:11:52 PM [32m    LOG[39m [38;5;3m[RouterExplorer] [39m[32mMapped {/api/v1/users/me/stats, GET} route[39m[38;5;3m +0ms[39m
[32m[Nest] 1269944  - [39m02/22/2026, 9:11:52 PM [32m    LOG[39m [38;5;3m[RouterExplorer] [39m[32mMapped {/api/v1/users, GET} route[39m[38;5;3m +0ms[39m
[32m[Nest] 1269944  - [39m02/22/2026, 9:11:52 PM [32m    LOG[39m [38;5;3m[RoutesResolver] [39m[32mQuestionsController {/api/v1/questions}:[39m[38;5;3m +0ms[39m
[32m[Nest] 1269944  - [39m02/22/2026, 9:11:52 PM [32m    LOG[39m [38;5;3m[RouterExplorer] [39m[32mMapped {/api/v1/questions, GET} route[39m[38;5;3m +0ms[39m
[32m[Nest] 1269944  - [39m02/22/2026, 9:11:52 PM [32m    LOG[39m [38;5;3m[RouterExplorer] [39m[32mMapped {/api/v1/questions/random, GET} route[39m[38;5;3m +0ms[39m
[32m[Nest] 1269944  - [39m02/22/2026, 9:11:52 PM [32m    LOG[39m [38;5;3m[RouterExplorer] [39m[32mMapped {/api/v1/questions/categories, GET} route[39m[38;5;3m +0ms[39m
[32m[Nest] 1269944  - [39m02/22/2026, 9:11:52 PM [32m    LOG[39m [38;5;3m[RouterExplorer] [39m[32mMapped {/api/v1/questions/tags, GET} route[39m[38;5;3m +0ms[39m
[32m[Nest] 1269944  - [39m02/22/2026, 9:11:52 PM [32m    LOG[39m [38;5;3m[RouterExplorer] [39m[32mMapped {/api/v1/questions/:id, GET} route[39m[38;5;3m +1ms[39m
[32m[Nest] 1269944  - [39m02/22/2026, 9:11:52 PM [32m    LOG[39m [38;5;3m[RouterExplorer] [39m[32mMapped {/api/v1/questions, POST} route[39m[38;5;3m +0ms[39m
[32m[Nest] 1269944  - [39m02/22/2026, 9:11:52 PM [32m    LOG[39m [38;5;3m[RouterExplorer] [39m[32mMapped {/api/v1/questions/generate, POST} route[39m[38;5;3m +0ms[39m
[32m[Nest] 1269944  - [39m02/22/2026, 9:11:52 PM [32m    LOG[39m [38;5;3m[RouterExplorer] [39m[32mMapped {/api/v1/questions/seed, POST} route[39m[38;5;3m +0ms[39m
[32m[Nest] 1269944  - [39m02/22/2026, 9:11:52 PM [32m    LOG[39m [38;5;3m[RouterExplorer] [39m[32mMapped {/api/v1/questions/:id, PATCH} route[39m[38;5;3m +0ms[39m
[32m[Nest] 1269944  - [39m02/22/2026, 9:11:52 PM [32m    LOG[39m [38;5;3m[RouterExplorer] [39m[32mMapped {/api/v1/questions/:id, DELETE} route[39m[38;5;3m +0ms[39m
[32m[Nest] 1269944  - [39m02/22/2026, 9:11:52 PM [32m    LOG[39m [38;5;3m[RoutesResolver] [39m[32mInterviewsController {/api/v1/interviews}:[39m[38;5;3m +0ms[39m
[32m[Nest] 1269944  - [39m02/22/2026, 9:11:52 PM [32m    LOG[39m [38;5;3m[RouterExplorer] [39m[32mMapped {/api/v1/interviews, GET} route[39m[38;5;3m +0ms[39m
[32m[Nest] 1269944  - [39m02/22/2026, 9:11:52 PM [32m    LOG[39m [38;5;3m[RouterExplorer] [39m[32mMapped {/api/v1/interviews/stats, GET} route[39m[38;5;3m +0ms[39m
[32m[Nest] 1269944  - [39m02/22/2026, 9:11:52 PM [32m    LOG[39m [38;5;3m[RouterExplorer] [39m[32mMapped {/api/v1/interviews/:id, GET} route[39m[38;5;3m +0ms[39m
[32m[Nest] 1269944  - [39m02/22/2026, 9:11:52 PM [32m    LOG[39m [38;5;3m[RouterExplorer] [39m[32mMapped {/api/v1/interviews, POST} route[39m[38;5;3m +0ms[39m
[32m[Nest] 1269944  - [39m02/22/2026, 9:11:52 PM [32m    LOG[39m [38;5;3m[RouterExplorer] [39m[32mMapped {/api/v1/interviews/:id/start, POST} route[39m[38;5;3m +0ms[39m
[32m[Nest] 1269944  - [39m02/22/2026, 9:11:52 PM [32m    LOG[39m [38;5;3m[RouterExplorer] [39m[32mMapped {/api/v1/interviews/:id/submit, POST} route[39m[38;5;3m +0ms[39m
[32m[Nest] 1269944  - [39m02/22/2026, 9:11:52 PM [32m    LOG[39m [38;5;3m[RouterExplorer] [39m[32mMapped {/api/v1/interviews/:id/complete, POST} route[39m[38;5;3m +0ms[39m
[32m[Nest] 1269944  - [39m02/22/2026, 9:11:52 PM [32m    LOG[39m [38;5;3m[RouterExplorer] [39m[32mMapped {/api/v1/interviews/:id/cancel, POST} route[39m[38;5;3m +1ms[39m
[32m[Nest] 1269944  - [39m02/22/2026, 9:11:52 PM [32m    LOG[39m [38;5;3m[RoutesResolver] [39m[32mAiController {/api/v1/ai}:[39m[38;5;3m +0ms[39m
[32m[Nest] 1269944  - [39m02/22/2026, 9:11:52 PM [32m    LOG[39m [38;5;3m[RouterExplorer] [39m[32mMapped {/api/v1/ai/generate-questions, POST} route[39m[38;5;3m +0ms[39m
[32m[Nest] 1269944  - [39m02/22/2026, 9:11:52 PM [32m    LOG[39m [38;5;3m[RouterExplorer] [39m[32mMapped {/api/v1/ai/vapi/webhook, POST} route[39m[38;5;3m +0ms[39m
[32m[Nest] 1269944  - [39m02/22/2026, 9:11:52 PM [32m    LOG[39m [38;5;3m[RoutesResolver] [39m[32mHealthController {/api/v1/health}:[39m[38;5;3m +0ms[39m
[32m[Nest] 1269944  - [39m02/22/2026, 9:11:52 PM [32m    LOG[39m [38;5;3m[RouterExplorer] [39m[32mMapped {/api/v1/health, GET} route[39m[38;5;3m +0ms[39m
[32m[Nest] 1269944  - [39m02/22/2026, 9:11:52 PM [32m    LOG[39m [38;5;3m[RouterExplorer] [39m[32mMapped {/api/v1/health/services, GET} route[39m[38;5;3m +0ms[39m
[32m[Nest] 1269944  - [39m02/22/2026, 9:11:52 PM [32m    LOG[39m [38;5;3m[RouterExplorer] [39m[32mMapped {/api/v1/health/live, GET} route[39m[38;5;3m +0ms[39m
[32m[Nest] 1269944  - [39m02/22/2026, 9:11:52 PM [32m    LOG[39m [38;5;3m[RouterExplorer] [39m[32mMapped {/api/v1/health/ready, GET} route[39m[38;5;3m +0ms[39m
[32m[Nest] 1269944  - [39m02/22/2026, 9:11:52 PM [32m    LOG[39m [38;5;3m[JwtAuthGuard] [39m[32mgRPC AuthService client initialized[39m
[32m[Nest] 1269944  - [39m02/22/2026, 9:11:52 PM [32m    LOG[39m [38;5;3m[NestApplication] [39m[32mNest application successfully started[39m[38;5;3m +1ms[39m
[31m[Nest] 1269944  - [39m02/22/2026, 9:11:52 PM [31m  ERROR[39m [38;5;3m[NestApplication] [39m[31mError: listen EADDRINUSE: address already in use :::3001[39m[38;5;3m +1ms[39m
Failed to start API Gateway: Error: listen EADDRINUSE: address already in use :::3001
    at Server.setupListenHandle [as _listen2] (node:net:1940:16)
    at listenInCluster (node:net:1997:12)
    at Server.listen (node:net:2102:7)
    at ExpressAdapter.listen (/home/emir/Desktop/AI-Interview-Simulator/node_modules/.pnpm/@nestjs+platform-express@11.1.13_@nestjs+common@11.1.13_class-transformer@0.5.1_class-validat_tbw3xntmd5mlw6344gxchvcbcq/node_modules/@nestjs/platform-express/adapters/express-adapter.js:127:32)
    at /home/emir/Desktop/AI-Interview-Simulator/node_modules/.pnpm/@nestjs+core@11.1.13_@nestjs+common@11.1.13_class-transformer@0.5.1_class-validator@0.14.3_re_gksdivxsbtos2mqf25jizlaef4/node_modules/@nestjs/core/nest-application.js:188:30
    at new Promise (<anonymous>)
    at NestApplication.listen (/home/emir/Desktop/AI-Interview-Simulator/node_modules/.pnpm/@nestjs+core@11.1.13_@nestjs+common@11.1.13_class-transformer@0.5.1_class-validator@0.14.3_re_gksdivxsbtos2mqf25jizlaef4/node_modules/@nestjs/core/nest-application.js:178:16)
    at async bootstrap (/home/emir/Desktop/AI-Interview-Simulator/apps/api-gateway/src/main.ts:52:3) {
  code: 'EADDRINUSE',
  errno: -98,
  syscall: 'listen',
  address: '::',
  port: 3001
}
[2J[3J[H[[90m9:12:40 PM[0m] File change detected. Starting incremental compilation...

[[90m9:12:40 PM[0m] Found 0 errors. Watching for file changes.

[32m[Nest] 1272341  - [39m02/22/2026, 9:12:41 PM [32m    LOG[39m [38;5;3m[NestFactory] [39m[32mStarting Nest application...[39m
[32m[Nest] 1272341  - [39m02/22/2026, 9:12:41 PM [32m    LOG[39m [38;5;3m[InstanceLoader] [39m[32mGrpcClientsModule dependencies initialized[39m[38;5;3m +13ms[39m
[32m[Nest] 1272341  - [39m02/22/2026, 9:12:41 PM [32m    LOG[39m [38;5;3m[InstanceLoader] [39m[32mGrpcModule dependencies initialized[39m[38;5;3m +0ms[39m
[32m[Nest] 1272341  - [39m02/22/2026, 9:12:41 PM [32m    LOG[39m [38;5;3m[InstanceLoader] [39m[32mGrpcModule dependencies initialized[39m[38;5;3m +0ms[39m
[32m[Nest] 1272341  - [39m02/22/2026, 9:12:41 PM [32m    LOG[39m [38;5;3m[InstanceLoader] [39m[32mGrpcModule dependencies initialized[39m[38;5;3m +0ms[39m
[32m[Nest] 1272341  - [39m02/22/2026, 9:12:41 PM [32m    LOG[39m [38;5;3m[InstanceLoader] [39m[32mGrpcModule dependencies initialized[39m[38;5;3m +0ms[39m
[32m[Nest] 1272341  - [39m02/22/2026, 9:12:41 PM [32m    LOG[39m [38;5;3m[InstanceLoader] [39m[32mGrpcModule dependencies initialized[39m[38;5;3m +0ms[39m
[32m[Nest] 1272341  - [39m02/22/2026, 9:12:41 PM [32m    LOG[39m [38;5;3m[InstanceLoader] [39m[32mProxyModule dependencies initialized[39m[38;5;3m +0ms[39m
[32m[Nest] 1272341  - [39m02/22/2026, 9:12:41 PM [32m    LOG[39m [38;5;3m[InstanceLoader] [39m[32mConfigHostModule dependencies initialized[39m[38;5;3m +1ms[39m
[32m[Nest] 1272341  - [39m02/22/2026, 9:12:41 PM [32m    LOG[39m [38;5;3m[InstanceLoader] [39m[32mThrottlerModule dependencies initialized[39m[38;5;3m +0ms[39m
[32m[Nest] 1272341  - [39m02/22/2026, 9:12:41 PM [32m    LOG[39m [38;5;3m[InstanceLoader] [39m[32mConfigModule dependencies initialized[39m[38;5;3m +93ms[39m
[32m[Nest] 1272341  - [39m02/22/2026, 9:12:41 PM [32m    LOG[39m [38;5;3m[InstanceLoader] [39m[32mHealthModule dependencies initialized[39m[38;5;3m +0ms[39m
[32m[Nest] 1272341  - [39m02/22/2026, 9:12:41 PM [32m    LOG[39m [38;5;3m[InstanceLoader] [39m[32mClientsModule dependencies initialized[39m[38;5;3m +1ms[39m
[32m[Nest] 1272341  - [39m02/22/2026, 9:12:41 PM [32m    LOG[39m [38;5;3m[InstanceLoader] [39m[32mClientsModule dependencies initialized[39m[38;5;3m +0ms[39m
[32m[Nest] 1272341  - [39m02/22/2026, 9:12:41 PM [32m    LOG[39m [38;5;3m[InstanceLoader] [39m[32mClientsModule dependencies initialized[39m[38;5;3m +0ms[39m
[32m[Nest] 1272341  - [39m02/22/2026, 9:12:41 PM [32m    LOG[39m [38;5;3m[InstanceLoader] [39m[32mClientsModule dependencies initialized[39m[38;5;3m +0ms[39m
[32m[Nest] 1272341  - [39m02/22/2026, 9:12:41 PM [32m    LOG[39m [38;5;3m[InstanceLoader] [39m[32mClientsModule dependencies initialized[39m[38;5;3m +0ms[39m
[32m[Nest] 1272341  - [39m02/22/2026, 9:12:41 PM [32m    LOG[39m [38;5;3m[InstanceLoader] [39m[32mRoutesModule dependencies initialized[39m[38;5;3m +0ms[39m
[32m[Nest] 1272341  - [39m02/22/2026, 9:12:41 PM [32m    LOG[39m [38;5;3m[InstanceLoader] [39m[32mAppModule dependencies initialized[39m[38;5;3m +0ms[39m
[32m[Nest] 1272341  - [39m02/22/2026, 9:12:41 PM [32m    LOG[39m [38;5;3m[RoutesResolver] [39m[32mAuthController {/api/v1/auth}:[39m[38;5;3m +25ms[39m
[32m[Nest] 1272341  - [39m02/22/2026, 9:12:41 PM [32m    LOG[39m [38;5;3m[RouterExplorer] [39m[32mMapped {/api/v1/auth/register, POST} route[39m[38;5;3m +2ms[39m
[32m[Nest] 1272341  - [39m02/22/2026, 9:12:41 PM [32m    LOG[39m [38;5;3m[RouterExplorer] [39m[32mMapped {/api/v1/auth/login, POST} route[39m[38;5;3m +1ms[39m
[32m[Nest] 1272341  - [39m02/22/2026, 9:12:41 PM [32m    LOG[39m [38;5;3m[RouterExplorer] [39m[32mMapped {/api/v1/auth/refresh, POST} route[39m[38;5;3m +0ms[39m
[32m[Nest] 1272341  - [39m02/22/2026, 9:12:41 PM [32m    LOG[39m [38;5;3m[RouterExplorer] [39m[32mMapped {/api/v1/auth/logout, POST} route[39m[38;5;3m +0ms[39m
[32m[Nest] 1272341  - [39m02/22/2026, 9:12:41 PM [32m    LOG[39m [38;5;3m[RoutesResolver] [39m[32mUsersController {/api/v1/users}:[39m[38;5;3m +0ms[39m
[32m[Nest] 1272341  - [39m02/22/2026, 9:12:41 PM [32m    LOG[39m [38;5;3m[RouterExplorer] [39m[32mMapped {/api/v1/users/me, GET} route[39m[38;5;3m +1ms[39m
[32m[Nest] 1272341  - [39m02/22/2026, 9:12:41 PM [32m    LOG[39m [38;5;3m[RouterExplorer] [39m[32mMapped {/api/v1/users/me, PATCH} route[39m[38;5;3m +0ms[39m
[32m[Nest] 1272341  - [39m02/22/2026, 9:12:41 PM [32m    LOG[39m [38;5;3m[RouterExplorer] [39m[32mMapped {/api/v1/users/me/stats, GET} route[39m[38;5;3m +0ms[39m
[32m[Nest] 1272341  - [39m02/22/2026, 9:12:41 PM [32m    LOG[39m [38;5;3m[RouterExplorer] [39m[32mMapped {/api/v1/users, GET} route[39m[38;5;3m +0ms[39m
[32m[Nest] 1272341  - [39m02/22/2026, 9:12:41 PM [32m    LOG[39m [38;5;3m[RoutesResolver] [39m[32mQuestionsController {/api/v1/questions}:[39m[38;5;3m +0ms[39m
[32m[Nest] 1272341  - [39m02/22/2026, 9:12:41 PM [32m    LOG[39m [38;5;3m[RouterExplorer] [39m[32mMapped {/api/v1/questions, GET} route[39m[38;5;3m +1ms[39m
[32m[Nest] 1272341  - [39m02/22/2026, 9:12:41 PM [32m    LOG[39m [38;5;3m[RouterExplorer] [39m[32mMapped {/api/v1/questions/random, GET} route[39m[38;5;3m +0ms[39m
[32m[Nest] 1272341  - [39m02/22/2026, 9:12:41 PM [32m    LOG[39m [38;5;3m[RouterExplorer] [39m[32mMapped {/api/v1/questions/categories, GET} route[39m[38;5;3m +0ms[39m
[32m[Nest] 1272341  - [39m02/22/2026, 9:12:41 PM [32m    LOG[39m [38;5;3m[RouterExplorer] [39m[32mMapped {/api/v1/questions/tags, GET} route[39m[38;5;3m +0ms[39m
[32m[Nest] 1272341  - [39m02/22/2026, 9:12:41 PM [32m    LOG[39m [38;5;3m[RouterExplorer] [39m[32mMapped {/api/v1/questions/:id, GET} route[39m[38;5;3m +1ms[39m
[32m[Nest] 1272341  - [39m02/22/2026, 9:12:41 PM [32m    LOG[39m [38;5;3m[RouterExplorer] [39m[32mMapped {/api/v1/questions, POST} route[39m[38;5;3m +0ms[39m
[32m[Nest] 1272341  - [39m02/22/2026, 9:12:41 PM [32m    LOG[39m [38;5;3m[RouterExplorer] [39m[32mMapped {/api/v1/questions/generate, POST} route[39m[38;5;3m +0ms[39m
[32m[Nest] 1272341  - [39m02/22/2026, 9:12:41 PM [32m    LOG[39m [38;5;3m[RouterExplorer] [39m[32mMapped {/api/v1/questions/seed, POST} route[39m[38;5;3m +0ms[39m
[32m[Nest] 1272341  - [39m02/22/2026, 9:12:41 PM [32m    LOG[39m [38;5;3m[RouterExplorer] [39m[32mMapped {/api/v1/questions/:id, PATCH} route[39m[38;5;3m +0ms[39m
[32m[Nest] 1272341  - [39m02/22/2026, 9:12:41 PM [32m    LOG[39m [38;5;3m[RouterExplorer] [39m[32mMapped {/api/v1/questions/:id, DELETE} route[39m[38;5;3m +0ms[39m
[32m[Nest] 1272341  - [39m02/22/2026, 9:12:41 PM [32m    LOG[39m [38;5;3m[RoutesResolver] [39m[32mInterviewsController {/api/v1/interviews}:[39m[38;5;3m +0ms[39m
[32m[Nest] 1272341  - [39m02/22/2026, 9:12:41 PM [32m    LOG[39m [38;5;3m[RouterExplorer] [39m[32mMapped {/api/v1/interviews, GET} route[39m[38;5;3m +1ms[39m
[32m[Nest] 1272341  - [39m02/22/2026, 9:12:41 PM [32m    LOG[39m [38;5;3m[RouterExplorer] [39m[32mMapped {/api/v1/interviews/stats, GET} route[39m[38;5;3m +0ms[39m
[32m[Nest] 1272341  - [39m02/22/2026, 9:12:41 PM [32m    LOG[39m [38;5;3m[RouterExplorer] [39m[32mMapped {/api/v1/interviews/:id, GET} route[39m[38;5;3m +0ms[39m
[32m[Nest] 1272341  - [39m02/22/2026, 9:12:41 PM [32m    LOG[39m [38;5;3m[RouterExplorer] [39m[32mMapped {/api/v1/interviews, POST} route[39m[38;5;3m +0ms[39m
[32m[Nest] 1272341  - [39m02/22/2026, 9:12:41 PM [32m    LOG[39m [38;5;3m[RouterExplorer] [39m[32mMapped {/api/v1/interviews/:id/start, POST} route[39m[38;5;3m +0ms[39m
[32m[Nest] 1272341  - [39m02/22/2026, 9:12:41 PM [32m    LOG[39m [38;5;3m[RouterExplorer] [39m[32mMapped {/api/v1/interviews/:id/submit, POST} route[39m[38;5;3m +0ms[39m
[32m[Nest] 1272341  - [39m02/22/2026, 9:12:41 PM [32m    LOG[39m [38;5;3m[RouterExplorer] [39m[32mMapped {/api/v1/interviews/:id/complete, POST} route[39m[38;5;3m +0ms[39m
[32m[Nest] 1272341  - [39m02/22/2026, 9:12:41 PM [32m    LOG[39m [38;5;3m[RouterExplorer] [39m[32mMapped {/api/v1/interviews/:id/cancel, POST} route[39m[38;5;3m +0ms[39m
[32m[Nest] 1272341  - [39m02/22/2026, 9:12:41 PM [32m    LOG[39m [38;5;3m[RoutesResolver] [39m[32mAiController {/api/v1/ai}:[39m[38;5;3m +0ms[39m
[32m[Nest] 1272341  - [39m02/22/2026, 9:12:41 PM [32m    LOG[39m [38;5;3m[RouterExplorer] [39m[32mMapped {/api/v1/ai/generate-questions, POST} route[39m[38;5;3m +0ms[39m
[32m[Nest] 1272341  - [39m02/22/2026, 9:12:41 PM [32m    LOG[39m [38;5;3m[RouterExplorer] [39m[32mMapped {/api/v1/ai/vapi/webhook, POST} route[39m[38;5;3m +1ms[39m
[32m[Nest] 1272341  - [39m02/22/2026, 9:12:41 PM [32m    LOG[39m [38;5;3m[RoutesResolver] [39m[32mHealthController {/api/v1/health}:[39m[38;5;3m +0ms[39m
[32m[Nest] 1272341  - [39m02/22/2026, 9:12:41 PM [32m    LOG[39m [38;5;3m[RouterExplorer] [39m[32mMapped {/api/v1/health, GET} route[39m[38;5;3m +0ms[39m
[32m[Nest] 1272341  - [39m02/22/2026, 9:12:41 PM [32m    LOG[39m [38;5;3m[RouterExplorer] [39m[32mMapped {/api/v1/health/services, GET} route[39m[38;5;3m +0ms[39m
[32m[Nest] 1272341  - [39m02/22/2026, 9:12:41 PM [32m    LOG[39m [38;5;3m[RouterExplorer] [39m[32mMapped {/api/v1/health/live, GET} route[39m[38;5;3m +0ms[39m
[32m[Nest] 1272341  - [39m02/22/2026, 9:12:41 PM [32m    LOG[39m [38;5;3m[RouterExplorer] [39m[32mMapped {/api/v1/health/ready, GET} route[39m[38;5;3m +0ms[39m
[32m[Nest] 1272341  - [39m02/22/2026, 9:12:41 PM [32m    LOG[39m [38;5;3m[JwtAuthGuard] [39m[32mgRPC AuthService client initialized[39m
[32m[Nest] 1272341  - [39m02/22/2026, 9:12:41 PM [32m    LOG[39m [38;5;3m[NestApplication] [39m[32mNest application successfully started[39m[38;5;3m +1ms[39m
[31m[Nest] 1272341  - [39m02/22/2026, 9:12:41 PM [31m  ERROR[39m [38;5;3m[NestApplication] [39m[31mError: listen EADDRINUSE: address already in use :::3001[39m[38;5;3m +2ms[39m
Failed to start API Gateway: Error: listen EADDRINUSE: address already in use :::3001
    at Server.setupListenHandle [as _listen2] (node:net:1940:16)
    at listenInCluster (node:net:1997:12)
    at Server.listen (node:net:2102:7)
    at ExpressAdapter.listen (/home/emir/Desktop/AI-Interview-Simulator/node_modules/.pnpm/@nestjs+platform-express@11.1.13_@nestjs+common@11.1.13_class-transformer@0.5.1_class-validat_tbw3xntmd5mlw6344gxchvcbcq/node_modules/@nestjs/platform-express/adapters/express-adapter.js:127:32)
    at /home/emir/Desktop/AI-Interview-Simulator/node_modules/.pnpm/@nestjs+core@11.1.13_@nestjs+common@11.1.13_class-transformer@0.5.1_class-validator@0.14.3_re_gksdivxsbtos2mqf25jizlaef4/node_modules/@nestjs/core/nest-application.js:188:30
    at new Promise (<anonymous>)
    at NestApplication.listen (/home/emir/Desktop/AI-Interview-Simulator/node_modules/.pnpm/@nestjs+core@11.1.13_@nestjs+common@11.1.13_class-transformer@0.5.1_class-validator@0.14.3_re_gksdivxsbtos2mqf25jizlaef4/node_modules/@nestjs/core/nest-application.js:178:16)
    at async bootstrap (/home/emir/Desktop/AI-Interview-Simulator/apps/api-gateway/src/main.ts:52:3) {
  code: 'EADDRINUSE',
  errno: -98,
  syscall: 'listen',
  address: '::',
  port: 3001
}
[2J[3J[H[[90m9:17:16 PM[0m] File change detected. Starting incremental compilation...

[[90m9:17:16 PM[0m] Found 0 errors. Watching for file changes.

[32m[Nest] 1284490  - [39m02/22/2026, 9:17:17 PM [32m    LOG[39m [38;5;3m[NestFactory] [39m[32mStarting Nest application...[39m
[32m[Nest] 1284490  - [39m02/22/2026, 9:17:17 PM [32m    LOG[39m [38;5;3m[InstanceLoader] [39m[32mGrpcClientsModule dependencies initialized[39m[38;5;3m +14ms[39m
[32m[Nest] 1284490  - [39m02/22/2026, 9:17:17 PM [32m    LOG[39m [38;5;3m[InstanceLoader] [39m[32mGrpcModule dependencies initialized[39m[38;5;3m +0ms[39m
[32m[Nest] 1284490  - [39m02/22/2026, 9:17:17 PM [32m    LOG[39m [38;5;3m[InstanceLoader] [39m[32mGrpcModule dependencies initialized[39m[38;5;3m +0ms[39m
[32m[Nest] 1284490  - [39m02/22/2026, 9:17:17 PM [32m    LOG[39m [38;5;3m[InstanceLoader] [39m[32mGrpcModule dependencies initialized[39m[38;5;3m +0ms[39m
[32m[Nest] 1284490  - [39m02/22/2026, 9:17:17 PM [32m    LOG[39m [38;5;3m[InstanceLoader] [39m[32mGrpcModule dependencies initialized[39m[38;5;3m +0ms[39m
[32m[Nest] 1284490  - [39m02/22/2026, 9:17:17 PM [32m    LOG[39m [38;5;3m[InstanceLoader] [39m[32mGrpcModule dependencies initialized[39m[38;5;3m +0ms[39m
[32m[Nest] 1284490  - [39m02/22/2026, 9:17:17 PM [32m    LOG[39m [38;5;3m[InstanceLoader] [39m[32mProxyModule dependencies initialized[39m[38;5;3m +0ms[39m
[32m[Nest] 1284490  - [39m02/22/2026, 9:17:17 PM [32m    LOG[39m [38;5;3m[InstanceLoader] [39m[32mConfigHostModule dependencies initialized[39m[38;5;3m +1ms[39m
[32m[Nest] 1284490  - [39m02/22/2026, 9:17:17 PM [32m    LOG[39m [38;5;3m[InstanceLoader] [39m[32mThrottlerModule dependencies initialized[39m[38;5;3m +0ms[39m
[32m[Nest] 1284490  - [39m02/22/2026, 9:17:17 PM [32m    LOG[39m [38;5;3m[InstanceLoader] [39m[32mConfigModule dependencies initialized[39m[38;5;3m +92ms[39m
[32m[Nest] 1284490  - [39m02/22/2026, 9:17:17 PM [32m    LOG[39m [38;5;3m[InstanceLoader] [39m[32mHealthModule dependencies initialized[39m[38;5;3m +0ms[39m
[32m[Nest] 1284490  - [39m02/22/2026, 9:17:17 PM [32m    LOG[39m [38;5;3m[InstanceLoader] [39m[32mClientsModule dependencies initialized[39m[38;5;3m +1ms[39m
[32m[Nest] 1284490  - [39m02/22/2026, 9:17:17 PM [32m    LOG[39m [38;5;3m[InstanceLoader] [39m[32mClientsModule dependencies initialized[39m[38;5;3m +0ms[39m
[32m[Nest] 1284490  - [39m02/22/2026, 9:17:17 PM [32m    LOG[39m [38;5;3m[InstanceLoader] [39m[32mClientsModule dependencies initialized[39m[38;5;3m +0ms[39m
[32m[Nest] 1284490  - [39m02/22/2026, 9:17:17 PM [32m    LOG[39m [38;5;3m[InstanceLoader] [39m[32mClientsModule dependencies initialized[39m[38;5;3m +0ms[39m
[32m[Nest] 1284490  - [39m02/22/2026, 9:17:17 PM [32m    LOG[39m [38;5;3m[InstanceLoader] [39m[32mClientsModule dependencies initialized[39m[38;5;3m +0ms[39m
[32m[Nest] 1284490  - [39m02/22/2026, 9:17:17 PM [32m    LOG[39m [38;5;3m[InstanceLoader] [39m[32mRoutesModule dependencies initialized[39m[38;5;3m +0ms[39m
[32m[Nest] 1284490  - [39m02/22/2026, 9:17:17 PM [32m    LOG[39m [38;5;3m[InstanceLoader] [39m[32mAppModule dependencies initialized[39m[38;5;3m +0ms[39m
[32m[Nest] 1284490  - [39m02/22/2026, 9:17:17 PM [32m    LOG[39m [38;5;3m[RoutesResolver] [39m[32mAuthController {/api/v1/auth}:[39m[38;5;3m +25ms[39m
[32m[Nest] 1284490  - [39m02/22/2026, 9:17:17 PM [32m    LOG[39m [38;5;3m[RouterExplorer] [39m[32mMapped {/api/v1/auth/register, POST} route[39m[38;5;3m +2ms[39m
[32m[Nest] 1284490  - [39m02/22/2026, 9:17:17 PM [32m    LOG[39m [38;5;3m[RouterExplorer] [39m[32mMapped {/api/v1/auth/login, POST} route[39m[38;5;3m +1ms[39m
[32m[Nest] 1284490  - [39m02/22/2026, 9:17:17 PM [32m    LOG[39m [38;5;3m[RouterExplorer] [39m[32mMapped {/api/v1/auth/refresh, POST} route[39m[38;5;3m +0ms[39m
[32m[Nest] 1284490  - [39m02/22/2026, 9:17:17 PM [32m    LOG[39m [38;5;3m[RouterExplorer] [39m[32mMapped {/api/v1/auth/logout, POST} route[39m[38;5;3m +0ms[39m
[32m[Nest] 1284490  - [39m02/22/2026, 9:17:17 PM [32m    LOG[39m [38;5;3m[RoutesResolver] [39m[32mUsersController {/api/v1/users}:[39m[38;5;3m +0ms[39m
[32m[Nest] 1284490  - [39m02/22/2026, 9:17:17 PM [32m    LOG[39m [38;5;3m[RouterExplorer] [39m[32mMapped {/api/v1/users/me, GET} route[39m[38;5;3m +1ms[39m
[32m[Nest] 1284490  - [39m02/22/2026, 9:17:17 PM [32m    LOG[39m [38;5;3m[RouterExplorer] [39m[32mMapped {/api/v1/users/me, PATCH} route[39m[38;5;3m +0ms[39m
[32m[Nest] 1284490  - [39m02/22/2026, 9:17:17 PM [32m    LOG[39m [38;5;3m[RouterExplorer] [39m[32mMapped {/api/v1/users/me/stats, GET} route[39m[38;5;3m +0ms[39m
[32m[Nest] 1284490  - [39m02/22/2026, 9:17:17 PM [32m    LOG[39m [38;5;3m[RouterExplorer] [39m[32mMapped {/api/v1/users, GET} route[39m[38;5;3m +0ms[39m
[32m[Nest] 1284490  - [39m02/22/2026, 9:17:17 PM [32m    LOG[39m [38;5;3m[RoutesResolver] [39m[32mQuestionsController {/api/v1/questions}:[39m[38;5;3m +0ms[39m
[32m[Nest] 1284490  - [39m02/22/2026, 9:17:17 PM [32m    LOG[39m [38;5;3m[RouterExplorer] [39m[32mMapped {/api/v1/questions, GET} route[39m[38;5;3m +1ms[39m
[32m[Nest] 1284490  - [39m02/22/2026, 9:17:17 PM [32m    LOG[39m [38;5;3m[RouterExplorer] [39m[32mMapped {/api/v1/questions/random, GET} route[39m[38;5;3m +0ms[39m
[32m[Nest] 1284490  - [39m02/22/2026, 9:17:17 PM [32m    LOG[39m [38;5;3m[RouterExplorer] [39m[32mMapped {/api/v1/questions/categories, GET} route[39m[38;5;3m +0ms[39m
[32m[Nest] 1284490  - [39m02/22/2026, 9:17:17 PM [32m    LOG[39m [38;5;3m[RouterExplorer] [39m[32mMapped {/api/v1/questions/tags, GET} route[39m[38;5;3m +0ms[39m
[32m[Nest] 1284490  - [39m02/22/2026, 9:17:17 PM [32m    LOG[39m [38;5;3m[RouterExplorer] [39m[32mMapped {/api/v1/questions/:id, GET} route[39m[38;5;3m +1ms[39m
[32m[Nest] 1284490  - [39m02/22/2026, 9:17:17 PM [32m    LOG[39m [38;5;3m[RouterExplorer] [39m[32mMapped {/api/v1/questions, POST} route[39m[38;5;3m +0ms[39m
[32m[Nest] 1284490  - [39m02/22/2026, 9:17:17 PM [32m    LOG[39m [38;5;3m[RouterExplorer] [39m[32mMapped {/api/v1/questions/generate, POST} route[39m[38;5;3m +0ms[39m
[32m[Nest] 1284490  - [39m02/22/2026, 9:17:17 PM [32m    LOG[39m [38;5;3m[RouterExplorer] [39m[32mMapped {/api/v1/questions/seed, POST} route[39m[38;5;3m +0ms[39m
[32m[Nest] 1284490  - [39m02/22/2026, 9:17:17 PM [32m    LOG[39m [38;5;3m[RouterExplorer] [39m[32mMapped {/api/v1/questions/:id, PATCH} route[39m[38;5;3m +0ms[39m
[32m[Nest] 1284490  - [39m02/22/2026, 9:17:17 PM [32m    LOG[39m [38;5;3m[RouterExplorer] [39m[32mMapped {/api/v1/questions/:id, DELETE} route[39m[38;5;3m +0ms[39m
[32m[Nest] 1284490  - [39m02/22/2026, 9:17:17 PM [32m    LOG[39m [38;5;3m[RoutesResolver] [39m[32mInterviewsController {/api/v1/interviews}:[39m[38;5;3m +0ms[39m
[32m[Nest] 1284490  - [39m02/22/2026, 9:17:17 PM [32m    LOG[39m [38;5;3m[RouterExplorer] [39m[32mMapped {/api/v1/interviews, GET} route[39m[38;5;3m +1ms[39m
[32m[Nest] 1284490  - [39m02/22/2026, 9:17:17 PM [32m    LOG[39m [38;5;3m[RouterExplorer] [39m[32mMapped {/api/v1/interviews/stats, GET} route[39m[38;5;3m +0ms[39m
[32m[Nest] 1284490  - [39m02/22/2026, 9:17:17 PM [32m    LOG[39m [38;5;3m[RouterExplorer] [39m[32mMapped {/api/v1/interviews/:id, GET} route[39m[38;5;3m +0ms[39m
[32m[Nest] 1284490  - [39m02/22/2026, 9:17:17 PM [32m    LOG[39m [38;5;3m[RouterExplorer] [39m[32mMapped {/api/v1/interviews, POST} route[39m[38;5;3m +0ms[39m
[32m[Nest] 1284490  - [39m02/22/2026, 9:17:17 PM [32m    LOG[39m [38;5;3m[RouterExplorer] [39m[32mMapped {/api/v1/interviews/:id/start, POST} route[39m[38;5;3m +0ms[39m
[32m[Nest] 1284490  - [39m02/22/2026, 9:17:17 PM [32m    LOG[39m [38;5;3m[RouterExplorer] [39m[32mMapped {/api/v1/interviews/:id/submit, POST} route[39m[38;5;3m +0ms[39m
[32m[Nest] 1284490  - [39m02/22/2026, 9:17:17 PM [32m    LOG[39m [38;5;3m[RouterExplorer] [39m[32mMapped {/api/v1/interviews/:id/complete, POST} route[39m[38;5;3m +1ms[39m
[32m[Nest] 1284490  - [39m02/22/2026, 9:17:17 PM [32m    LOG[39m [38;5;3m[RouterExplorer] [39m[32mMapped {/api/v1/interviews/:id/cancel, POST} route[39m[38;5;3m +0ms[39m
[32m[Nest] 1284490  - [39m02/22/2026, 9:17:17 PM [32m    LOG[39m [38;5;3m[RoutesResolver] [39m[32mAiController {/api/v1/ai}:[39m[38;5;3m +0ms[39m
[32m[Nest] 1284490  - [39m02/22/2026, 9:17:17 PM [32m    LOG[39m [38;5;3m[RouterExplorer] [39m[32mMapped {/api/v1/ai/generate-questions, POST} route[39m[38;5;3m +0ms[39m
[32m[Nest] 1284490  - [39m02/22/2026, 9:17:17 PM [32m    LOG[39m [38;5;3m[RouterExplorer] [39m[32mMapped {/api/v1/ai/vapi/webhook, POST} route[39m[38;5;3m +0ms[39m
[32m[Nest] 1284490  - [39m02/22/2026, 9:17:17 PM [32m    LOG[39m [38;5;3m[RoutesResolver] [39m[32mHealthController {/api/v1/health}:[39m[38;5;3m +0ms[39m
[32m[Nest] 1284490  - [39m02/22/2026, 9:17:17 PM [32m    LOG[39m [38;5;3m[RouterExplorer] [39m[32mMapped {/api/v1/health, GET} route[39m[38;5;3m +0ms[39m
[32m[Nest] 1284490  - [39m02/22/2026, 9:17:17 PM [32m    LOG[39m [38;5;3m[RouterExplorer] [39m[32mMapped {/api/v1/health/services, GET} route[39m[38;5;3m +1ms[39m
[32m[Nest] 1284490  - [39m02/22/2026, 9:17:17 PM [32m    LOG[39m [38;5;3m[RouterExplorer] [39m[32mMapped {/api/v1/health/live, GET} route[39m[38;5;3m +0ms[39m
[32m[Nest] 1284490  - [39m02/22/2026, 9:17:17 PM [32m    LOG[39m [38;5;3m[RouterExplorer] [39m[32mMapped {/api/v1/health/ready, GET} route[39m[38;5;3m +0ms[39m
[32m[Nest] 1284490  - [39m02/22/2026, 9:17:17 PM [32m    LOG[39m [38;5;3m[JwtAuthGuard] [39m[32mgRPC AuthService client initialized[39m
[32m[Nest] 1284490  - [39m02/22/2026, 9:17:17 PM [32m    LOG[39m [38;5;3m[NestApplication] [39m[32mNest application successfully started[39m[38;5;3m +1ms[39m
[31m[Nest] 1284490  - [39m02/22/2026, 9:17:17 PM [31m  ERROR[39m [38;5;3m[NestApplication] [39m[31mError: listen EADDRINUSE: address already in use :::3001[39m[38;5;3m +3ms[39m
Failed to start API Gateway: Error: listen EADDRINUSE: address already in use :::3001
    at Server.setupListenHandle [as _listen2] (node:net:1940:16)
    at listenInCluster (node:net:1997:12)
    at Server.listen (node:net:2102:7)
    at ExpressAdapter.listen (/home/emir/Desktop/AI-Interview-Simulator/node_modules/.pnpm/@nestjs+platform-express@11.1.13_@nestjs+common@11.1.13_class-transformer@0.5.1_class-validat_tbw3xntmd5mlw6344gxchvcbcq/node_modules/@nestjs/platform-express/adapters/express-adapter.js:127:32)
    at /home/emir/Desktop/AI-Interview-Simulator/node_modules/.pnpm/@nestjs+core@11.1.13_@nestjs+common@11.1.13_class-transformer@0.5.1_class-validator@0.14.3_re_gksdivxsbtos2mqf25jizlaef4/node_modules/@nestjs/core/nest-application.js:188:30
    at new Promise (<anonymous>)
    at NestApplication.listen (/home/emir/Desktop/AI-Interview-Simulator/node_modules/.pnpm/@nestjs+core@11.1.13_@nestjs+common@11.1.13_class-transformer@0.5.1_class-validator@0.14.3_re_gksdivxsbtos2mqf25jizlaef4/node_modules/@nestjs/core/nest-application.js:178:16)
    at async bootstrap (/home/emir/Desktop/AI-Interview-Simulator/apps/api-gateway/src/main.ts:52:3) {
  code: 'EADDRINUSE',
  errno: -98,
  syscall: 'listen',
  address: '::',
  port: 3001
}
