
> AI-Coach@ dev /home/emir/Desktop/AI-Interview-Simulator
> turbo run dev --concurrency 15 "--filter" "@ai-coach/user-service"

• turbo 2.7.5
• Packages in scope: @ai-coach/user-service
• Running dev in 1 packages
• Remote caching disabled
@ai-coach/user-service:dev: cache bypass, force executing 625c68ea5c18ca23
@ai-coach/user-service:dev: 
@ai-coach/user-service:dev: > @ai-coach/user-service@0.1.0 dev /home/emir/Desktop/AI-Interview-Simulator/apps/user-service
@ai-coach/user-service:dev: > nest start --watch
@ai-coach/user-service:dev: 
@ai-coach/user-service:dev: [2J[3J[H[[90m9:08:21 PM[0m] Starting compilation in watch mode...
@ai-coach/user-service:dev: 
@ai-coach/user-service:dev: [[90m9:08:23 PM[0m] Found 0 errors. Watching for file changes.
@ai-coach/user-service:dev: 
@ai-coach/user-service:dev: (node:1260731) [MONGOOSE] Warning: Duplicate schema index on {"authId":1} found. This is often due to declaring an index using both "index: true" and "schema.index()". Please remove the duplicate index definition.
@ai-coach/user-service:dev: (Use `node --trace-warnings ...` to show where the warning was created)
@ai-coach/user-service:dev: (node:1260731) [MONGOOSE] Warning: Duplicate schema index on {"email":1} found. This is often due to declaring an index using both "index: true" and "schema.index()". Please remove the duplicate index definition.
@ai-coach/user-service:dev: [32m[Nest] 1260731  - [39m02/22/2026, 9:08:24 PM [32m    LOG[39m [38;5;3m[NestFactory] [39m[32mStarting Nest application...[39m
@ai-coach/user-service:dev: [32m[Nest] 1260731  - [39m02/22/2026, 9:08:24 PM [32m    LOG[39m [38;5;3m[InstanceLoader] [39m[32mAppModule dependencies initialized[39m[38;5;3m +6ms[39m
@ai-coach/user-service:dev: [32m[Nest] 1260731  - [39m02/22/2026, 9:08:24 PM [32m    LOG[39m [38;5;3m[InstanceLoader] [39m[32mMongooseModule dependencies initialized[39m[38;5;3m +1ms[39m
@ai-coach/user-service:dev: [32m[Nest] 1260731  - [39m02/22/2026, 9:08:24 PM [32m    LOG[39m [38;5;3m[InstanceLoader] [39m[32mConfigHostModule dependencies initialized[39m[38;5;3m +0ms[39m
@ai-coach/user-service:dev: [32m[Nest] 1260731  - [39m02/22/2026, 9:08:24 PM [32m    LOG[39m [38;5;3m[InstanceLoader] [39m[32mConfigModule dependencies initialized[39m[38;5;3m +1ms[39m
@ai-coach/user-service:dev: [32m[Nest] 1260731  - [39m02/22/2026, 9:08:24 PM [32m    LOG[39m [38;5;3m[InstanceLoader] [39m[32mConfigModule dependencies initialized[39m[38;5;3m +0ms[39m
@ai-coach/user-service:dev: [32m[Nest] 1260731  - [39m02/22/2026, 9:08:24 PM [32m    LOG[39m [38;5;3m[InstanceLoader] [39m[32mKafkaModule dependencies initialized[39m[38;5;3m +12ms[39m
@ai-coach/user-service:dev: [32m[Nest] 1260731  - [39m02/22/2026, 9:08:24 PM [32m    LOG[39m [38;5;3m[InstanceLoader] [39m[32mCacheModule dependencies initialized[39m[38;5;3m +1ms[39m
@ai-coach/user-service:dev: [32m[Nest] 1260731  - [39m02/22/2026, 9:08:24 PM [32m    LOG[39m [38;5;3m[InstanceLoader] [39m[32mRedisModule dependencies initialized[39m[38;5;3m +0ms[39m
@ai-coach/user-service:dev: [32m[Nest] 1260731  - [39m02/22/2026, 9:08:24 PM [32m    LOG[39m [38;5;3m[InstanceLoader] [39m[32mMongooseCoreModule dependencies initialized[39m[38;5;3m +15ms[39m
@ai-coach/user-service:dev: [32m[Nest] 1260731  - [39m02/22/2026, 9:08:24 PM [32m    LOG[39m [38;5;3m[InstanceLoader] [39m[32mHealthModule dependencies initialized[39m[38;5;3m +0ms[39m
@ai-coach/user-service:dev: [32m[Nest] 1260731  - [39m02/22/2026, 9:08:24 PM [32m    LOG[39m [38;5;3m[InstanceLoader] [39m[32mMongooseModule dependencies initialized[39m[38;5;3m +0ms[39m
@ai-coach/user-service:dev: [32m[Nest] 1260731  - [39m02/22/2026, 9:08:24 PM [32m    LOG[39m [38;5;3m[InstanceLoader] [39m[32mKafkaHandlersModule dependencies initialized[39m[38;5;3m +0ms[39m
@ai-coach/user-service:dev: [32m[Nest] 1260731  - [39m02/22/2026, 9:08:24 PM [32m    LOG[39m [38;5;3m[InstanceLoader] [39m[32mUsersModule dependencies initialized[39m[38;5;3m +0ms[39m
@ai-coach/user-service:dev: E No address added out of total 1 resolved
@ai-coach/user-service:dev: Failed to start User Service: Error: No address added out of total 1 resolved errors: [listen EADDRINUSE: address already in use 0.0.0.0:50052]
@ai-coach/user-service:dev:     at Server.bindAddressList (/home/emir/Desktop/AI-Interview-Simulator/node_modules/.pnpm/@grpc+grpc-js@1.14.3/node_modules/@grpc/grpc-js/src/server.ts:777:13)
@ai-coach/user-service:dev:     at process.processTicksAndRejections (node:internal/process/task_queues:105:5)
@ai-coach/user-service:dev:     at async Server.bindPort (/home/emir/Desktop/AI-Interview-Simulator/node_modules/.pnpm/@grpc+grpc-js@1.14.3/node_modules/@grpc/grpc-js/src/server.ts:824:24)
@ai-coach/user-service:dev: [2J[3J[H[[90m9:10:10 PM[0m] File change detected. Starting incremental compilation...
@ai-coach/user-service:dev: 
@ai-coach/user-service:dev: [[90m9:10:11 PM[0m] Found 0 errors. Watching for file changes.
@ai-coach/user-service:dev: 
@ai-coach/user-service:dev: (node:1265385) [MONGOOSE] Warning: Duplicate schema index on {"authId":1} found. This is often due to declaring an index using both "index: true" and "schema.index()". Please remove the duplicate index definition.
@ai-coach/user-service:dev: (Use `node --trace-warnings ...` to show where the warning was created)
@ai-coach/user-service:dev: (node:1265385) [MONGOOSE] Warning: Duplicate schema index on {"email":1} found. This is often due to declaring an index using both "index: true" and "schema.index()". Please remove the duplicate index definition.
@ai-coach/user-service:dev: [32m[Nest] 1265385  - [39m02/22/2026, 9:10:12 PM [32m    LOG[39m [38;5;3m[NestFactory] [39m[32mStarting Nest application...[39m
@ai-coach/user-service:dev: [32m[Nest] 1265385  - [39m02/22/2026, 9:10:12 PM [32m    LOG[39m [38;5;3m[InstanceLoader] [39m[32mAppModule dependencies initialized[39m[38;5;3m +13ms[39m
@ai-coach/user-service:dev: [32m[Nest] 1265385  - [39m02/22/2026, 9:10:12 PM [32m    LOG[39m [38;5;3m[InstanceLoader] [39m[32mMongooseModule dependencies initialized[39m[38;5;3m +0ms[39m
@ai-coach/user-service:dev: [32m[Nest] 1265385  - [39m02/22/2026, 9:10:12 PM [32m    LOG[39m [38;5;3m[InstanceLoader] [39m[32mConfigHostModule dependencies initialized[39m[38;5;3m +1ms[39m
@ai-coach/user-service:dev: [32m[Nest] 1265385  - [39m02/22/2026, 9:10:12 PM [32m    LOG[39m [38;5;3m[InstanceLoader] [39m[32mConfigModule dependencies initialized[39m[38;5;3m +2ms[39m
@ai-coach/user-service:dev: [32m[Nest] 1265385  - [39m02/22/2026, 9:10:12 PM [32m    LOG[39m [38;5;3m[InstanceLoader] [39m[32mConfigModule dependencies initialized[39m[38;5;3m +0ms[39m
@ai-coach/user-service:dev: [32m[Nest] 1265385  - [39m02/22/2026, 9:10:12 PM [32m    LOG[39m [38;5;3m[InstanceLoader] [39m[32mKafkaModule dependencies initialized[39m[38;5;3m +26ms[39m
@ai-coach/user-service:dev: [32m[Nest] 1265385  - [39m02/22/2026, 9:10:12 PM [32m    LOG[39m [38;5;3m[InstanceLoader] [39m[32mCacheModule dependencies initialized[39m[38;5;3m +0ms[39m
@ai-coach/user-service:dev: [32m[Nest] 1265385  - [39m02/22/2026, 9:10:12 PM [32m    LOG[39m [38;5;3m[InstanceLoader] [39m[32mRedisModule dependencies initialized[39m[38;5;3m +0ms[39m
@ai-coach/user-service:dev: [32m[Nest] 1265385  - [39m02/22/2026, 9:10:12 PM [32m    LOG[39m [38;5;3m[InstanceLoader] [39m[32mMongooseCoreModule dependencies initialized[39m[38;5;3m +35ms[39m
@ai-coach/user-service:dev: [32m[Nest] 1265385  - [39m02/22/2026, 9:10:12 PM [32m    LOG[39m [38;5;3m[InstanceLoader] [39m[32mHealthModule dependencies initialized[39m[38;5;3m +0ms[39m
@ai-coach/user-service:dev: [32m[Nest] 1265385  - [39m02/22/2026, 9:10:12 PM [32m    LOG[39m [38;5;3m[InstanceLoader] [39m[32mMongooseModule dependencies initialized[39m[38;5;3m +0ms[39m
@ai-coach/user-service:dev: [32m[Nest] 1265385  - [39m02/22/2026, 9:10:12 PM [32m    LOG[39m [38;5;3m[InstanceLoader] [39m[32mKafkaHandlersModule dependencies initialized[39m[38;5;3m +0ms[39m
@ai-coach/user-service:dev: [32m[Nest] 1265385  - [39m02/22/2026, 9:10:12 PM [32m    LOG[39m [38;5;3m[InstanceLoader] [39m[32mUsersModule dependencies initialized[39m[38;5;3m +0ms[39m
@ai-coach/user-service:dev: [32m[Nest] 1265385  - [39m02/22/2026, 9:10:12 PM [32m    LOG[39m [38;5;3m[NestMicroservice] [39m[32mNest microservice successfully started[39m[38;5;3m +140ms[39m
@ai-coach/user-service:dev: [32m[Nest] 1265385  - [39m02/22/2026, 9:10:12 PM [32m    LOG[39m [38;5;3m[RoutesResolver] [39m[32mUsersController {/api/v1/users}:[39m[38;5;3m +3ms[39m
@ai-coach/user-service:dev: [32m[Nest] 1265385  - [39m02/22/2026, 9:10:12 PM [32m    LOG[39m [38;5;3m[RouterExplorer] [39m[32mMapped {/api/v1/users/me/stats, GET} route[39m[38;5;3m +2ms[39m
@ai-coach/user-service:dev: [32m[Nest] 1265385  - [39m02/22/2026, 9:10:12 PM [32m    LOG[39m [38;5;3m[RouterExplorer] [39m[32mMapped {/api/v1/users/me, GET} route[39m[38;5;3m +1ms[39m
@ai-coach/user-service:dev: [32m[Nest] 1265385  - [39m02/22/2026, 9:10:12 PM [32m    LOG[39m [38;5;3m[RouterExplorer] [39m[32mMapped {/api/v1/users/me, PATCH} route[39m[38;5;3m +1ms[39m
@ai-coach/user-service:dev: [32m[Nest] 1265385  - [39m02/22/2026, 9:10:12 PM [32m    LOG[39m [38;5;3m[RouterExplorer] [39m[32mMapped {/api/v1/users/internal/create, POST} route[39m[38;5;3m +0ms[39m
@ai-coach/user-service:dev: [32m[Nest] 1265385  - [39m02/22/2026, 9:10:12 PM [32m    LOG[39m [38;5;3m[RouterExplorer] [39m[32mMapped {/api/v1/users/internal/:authId, GET} route[39m[38;5;3m +1ms[39m
@ai-coach/user-service:dev: [32m[Nest] 1265385  - [39m02/22/2026, 9:10:12 PM [32m    LOG[39m [38;5;3m[RouterExplorer] [39m[32mMapped {/api/v1/users, GET} route[39m[38;5;3m +0ms[39m
@ai-coach/user-service:dev: [32m[Nest] 1265385  - [39m02/22/2026, 9:10:12 PM [32m    LOG[39m [38;5;3m[RoutesResolver] [39m[32mGrpcUsersController {/api/v1}:[39m[38;5;3m +0ms[39m
@ai-coach/user-service:dev: [32m[Nest] 1265385  - [39m02/22/2026, 9:10:12 PM [32m    LOG[39m [38;5;3m[RoutesResolver] [39m[32mHealthController {/api/v1/health}:[39m[38;5;3m +0ms[39m
@ai-coach/user-service:dev: [32m[Nest] 1265385  - [39m02/22/2026, 9:10:12 PM [32m    LOG[39m [38;5;3m[RouterExplorer] [39m[32mMapped {/api/v1/health, GET} route[39m[38;5;3m +0ms[39m
@ai-coach/user-service:dev: [32m[Nest] 1265385  - [39m02/22/2026, 9:10:12 PM [32m    LOG[39m [38;5;3m[RouterExplorer] [39m[32mMapped {/api/v1/health/live, GET} route[39m[38;5;3m +1ms[39m
@ai-coach/user-service:dev: [32m[Nest] 1265385  - [39m02/22/2026, 9:10:12 PM [32m    LOG[39m [38;5;3m[RouterExplorer] [39m[32mMapped {/api/v1/health/ready, GET} route[39m[38;5;3m +0ms[39m
@ai-coach/user-service:dev: [32m[Nest] 1265385  - [39m02/22/2026, 9:10:12 PM [32m    LOG[39m [38;5;3m[KafkaConsumerService] [39m[32m[user-service] No event handlers registered, skipping consumer[39m
@ai-coach/user-service:dev: [32m[Nest] 1265385  - [39m02/22/2026, 9:10:12 PM [32m    LOG[39m [38;5;3m[KafkaProducerService] [39m[32m[user-service] Kafka producer connected[39m
@ai-coach/user-service:dev: [32m[Nest] 1265385  - [39m02/22/2026, 9:10:12 PM [32m    LOG[39m [38;5;3m[KafkaHandlersModule] [39m[32mKafka consumer connected[39m
@ai-coach/user-service:dev: [32m[Nest] 1265385  - [39m02/22/2026, 9:10:12 PM [32m    LOG[39m [38;5;3m[KafkaHandlersModule] [39m[32mSubscribed to user.registered topic[39m
@ai-coach/user-service:dev: [95m[Nest] 1265385  - [39m02/22/2026, 9:10:23 PM [95m  DEBUG[39m [38;5;3m[GrpcUsersController] [39m[95mgRPC GetUserByAuthId: undefined[39m
@ai-coach/user-service:dev: [32m[Nest] 1265385  - [39m02/22/2026, 9:10:39 PM [32m    LOG[39m [38;5;3m[NestApplication] [39m[32mNest application successfully started[39m[38;5;3m +16009ms[39m
@ai-coach/user-service:dev: [32m[Nest] 1265385  - [39m02/22/2026, 9:10:39 PM [32m    LOG[39m [38;5;3m[UserService] [39m[32mUser Service HTTP running on port 3003[39m
@ai-coach/user-service:dev: [32m[Nest] 1265385  - [39m02/22/2026, 9:10:39 PM [32m    LOG[39m [38;5;3m[UserService] [39m[32mUser Service gRPC running on port 50052[39m
@ai-coach/user-service:dev: [32m[Nest] 1265385  - [39m02/22/2026, 9:10:39 PM [32m    LOG[39m [38;5;3m[UserService] [39m[32mEnvironment: development[39m
@ai-coach/user-service:dev: [32m[Nest] 1265385  - [39m02/22/2026, 9:10:39 PM [32m    LOG[39m [38;5;3m[UserService] [39m[32mSwagger docs: http://localhost:3003/docs[39m
@ai-coach/user-service:dev: [2J[3J[H[[90m9:10:49 PM[0m] File change detected. Starting incremental compilation...
@ai-coach/user-service:dev: 
@ai-coach/user-service:dev: [[90m9:10:49 PM[0m] Found 0 errors. Watching for file changes.
@ai-coach/user-service:dev: 
@ai-coach/user-service:dev: [32m[Nest] 1265385  - [39m02/22/2026, 9:10:49 PM [32m    LOG[39m [38;5;3m[KafkaProducerService] [39m[32m[user-service] Kafka producer disconnected[39m
@ai-coach/user-service:dev: (node:1267347) [MONGOOSE] Warning: Duplicate schema index on {"authId":1} found. This is often due to declaring an index using both "index: true" and "schema.index()". Please remove the duplicate index definition.
@ai-coach/user-service:dev: (Use `node --trace-warnings ...` to show where the warning was created)
@ai-coach/user-service:dev: (node:1267347) [MONGOOSE] Warning: Duplicate schema index on {"email":1} found. This is often due to declaring an index using both "index: true" and "schema.index()". Please remove the duplicate index definition.
@ai-coach/user-service:dev: [32m[Nest] 1267347  - [39m02/22/2026, 9:10:50 PM [32m    LOG[39m [38;5;3m[NestFactory] [39m[32mStarting Nest application...[39m
@ai-coach/user-service:dev: [32m[Nest] 1267347  - [39m02/22/2026, 9:10:50 PM [32m    LOG[39m [38;5;3m[InstanceLoader] [39m[32mAppModule dependencies initialized[39m[38;5;3m +13ms[39m
@ai-coach/user-service:dev: [32m[Nest] 1267347  - [39m02/22/2026, 9:10:50 PM [32m    LOG[39m [38;5;3m[InstanceLoader] [39m[32mMongooseModule dependencies initialized[39m[38;5;3m +0ms[39m
@ai-coach/user-service:dev: [32m[Nest] 1267347  - [39m02/22/2026, 9:10:50 PM [32m    LOG[39m [38;5;3m[InstanceLoader] [39m[32mConfigHostModule dependencies initialized[39m[38;5;3m +1ms[39m
@ai-coach/user-service:dev: [32m[Nest] 1267347  - [39m02/22/2026, 9:10:50 PM [32m    LOG[39m [38;5;3m[InstanceLoader] [39m[32mConfigModule dependencies initialized[39m[38;5;3m +2ms[39m
@ai-coach/user-service:dev: [32m[Nest] 1267347  - [39m02/22/2026, 9:10:50 PM [32m    LOG[39m [38;5;3m[InstanceLoader] [39m[32mConfigModule dependencies initialized[39m[38;5;3m +0ms[39m
@ai-coach/user-service:dev: [32m[Nest] 1267347  - [39m02/22/2026, 9:10:50 PM [32m    LOG[39m [38;5;3m[InstanceLoader] [39m[32mKafkaModule dependencies initialized[39m[38;5;3m +22ms[39m
@ai-coach/user-service:dev: [32m[Nest] 1267347  - [39m02/22/2026, 9:10:50 PM [32m    LOG[39m [38;5;3m[InstanceLoader] [39m[32mCacheModule dependencies initialized[39m[38;5;3m +1ms[39m
@ai-coach/user-service:dev: [32m[Nest] 1267347  - [39m02/22/2026, 9:10:50 PM [32m    LOG[39m [38;5;3m[InstanceLoader] [39m[32mRedisModule dependencies initialized[39m[38;5;3m +0ms[39m
@ai-coach/user-service:dev: [32m[Nest] 1267347  - [39m02/22/2026, 9:10:50 PM [32m    LOG[39m [38;5;3m[InstanceLoader] [39m[32mMongooseCoreModule dependencies initialized[39m[38;5;3m +28ms[39m
@ai-coach/user-service:dev: [32m[Nest] 1267347  - [39m02/22/2026, 9:10:50 PM [32m    LOG[39m [38;5;3m[InstanceLoader] [39m[32mHealthModule dependencies initialized[39m[38;5;3m +0ms[39m
@ai-coach/user-service:dev: [32m[Nest] 1267347  - [39m02/22/2026, 9:10:50 PM [32m    LOG[39m [38;5;3m[InstanceLoader] [39m[32mMongooseModule dependencies initialized[39m[38;5;3m +0ms[39m
@ai-coach/user-service:dev: [32m[Nest] 1267347  - [39m02/22/2026, 9:10:50 PM [32m    LOG[39m [38;5;3m[InstanceLoader] [39m[32mKafkaHandlersModule dependencies initialized[39m[38;5;3m +0ms[39m
@ai-coach/user-service:dev: [32m[Nest] 1267347  - [39m02/22/2026, 9:10:50 PM [32m    LOG[39m [38;5;3m[InstanceLoader] [39m[32mUsersModule dependencies initialized[39m[38;5;3m +0ms[39m
@ai-coach/user-service:dev: [32m[Nest] 1267347  - [39m02/22/2026, 9:10:50 PM [32m    LOG[39m [38;5;3m[NestMicroservice] [39m[32mNest microservice successfully started[39m[38;5;3m +99ms[39m
@ai-coach/user-service:dev: [32m[Nest] 1267347  - [39m02/22/2026, 9:10:50 PM [32m    LOG[39m [38;5;3m[RoutesResolver] [39m[32mUsersController {/api/v1/users}:[39m[38;5;3m +3ms[39m
@ai-coach/user-service:dev: [32m[Nest] 1267347  - [39m02/22/2026, 9:10:50 PM [32m    LOG[39m [38;5;3m[RouterExplorer] [39m[32mMapped {/api/v1/users/me/stats, GET} route[39m[38;5;3m +1ms[39m
@ai-coach/user-service:dev: [32m[Nest] 1267347  - [39m02/22/2026, 9:10:50 PM [32m    LOG[39m [38;5;3m[RouterExplorer] [39m[32mMapped {/api/v1/users/me, GET} route[39m[38;5;3m +0ms[39m
@ai-coach/user-service:dev: [32m[Nest] 1267347  - [39m02/22/2026, 9:10:50 PM [32m    LOG[39m [38;5;3m[RouterExplorer] [39m[32mMapped {/api/v1/users/me, PATCH} route[39m[38;5;3m +3ms[39m
@ai-coach/user-service:dev: [32m[Nest] 1267347  - [39m02/22/2026, 9:10:50 PM [32m    LOG[39m [38;5;3m[RouterExplorer] [39m[32mMapped {/api/v1/users/internal/create, POST} route[39m[38;5;3m +0ms[39m
@ai-coach/user-service:dev: [32m[Nest] 1267347  - [39m02/22/2026, 9:10:50 PM [32m    LOG[39m [38;5;3m[RouterExplorer] [39m[32mMapped {/api/v1/users/internal/:authId, GET} route[39m[38;5;3m +0ms[39m
@ai-coach/user-service:dev: [32m[Nest] 1267347  - [39m02/22/2026, 9:10:50 PM [32m    LOG[39m [38;5;3m[RouterExplorer] [39m[32mMapped {/api/v1/users, GET} route[39m[38;5;3m +0ms[39m
@ai-coach/user-service:dev: [32m[Nest] 1267347  - [39m02/22/2026, 9:10:50 PM [32m    LOG[39m [38;5;3m[RoutesResolver] [39m[32mGrpcUsersController {/api/v1}:[39m[38;5;3m +1ms[39m
@ai-coach/user-service:dev: [32m[Nest] 1267347  - [39m02/22/2026, 9:10:50 PM [32m    LOG[39m [38;5;3m[RoutesResolver] [39m[32mHealthController {/api/v1/health}:[39m[38;5;3m +0ms[39m
@ai-coach/user-service:dev: [32m[Nest] 1267347  - [39m02/22/2026, 9:10:50 PM [32m    LOG[39m [38;5;3m[RouterExplorer] [39m[32mMapped {/api/v1/health, GET} route[39m[38;5;3m +0ms[39m
@ai-coach/user-service:dev: [32m[Nest] 1267347  - [39m02/22/2026, 9:10:50 PM [32m    LOG[39m [38;5;3m[RouterExplorer] [39m[32mMapped {/api/v1/health/live, GET} route[39m[38;5;3m +0ms[39m
@ai-coach/user-service:dev: [32m[Nest] 1267347  - [39m02/22/2026, 9:10:50 PM [32m    LOG[39m [38;5;3m[RouterExplorer] [39m[32mMapped {/api/v1/health/ready, GET} route[39m[38;5;3m +0ms[39m
@ai-coach/user-service:dev: [32m[Nest] 1267347  - [39m02/22/2026, 9:10:50 PM [32m    LOG[39m [38;5;3m[KafkaConsumerService] [39m[32m[user-service] No event handlers registered, skipping consumer[39m
@ai-coach/user-service:dev: [32m[Nest] 1267347  - [39m02/22/2026, 9:10:50 PM [32m    LOG[39m [38;5;3m[KafkaProducerService] [39m[32m[user-service] Kafka producer connected[39m
@ai-coach/user-service:dev: [32m[Nest] 1267347  - [39m02/22/2026, 9:10:50 PM [32m    LOG[39m [38;5;3m[KafkaHandlersModule] [39m[32mKafka consumer connected[39m
@ai-coach/user-service:dev: [32m[Nest] 1267347  - [39m02/22/2026, 9:10:50 PM [32m    LOG[39m [38;5;3m[KafkaHandlersModule] [39m[32mSubscribed to user.registered topic[39m
@ai-coach/user-service:dev: [95m[Nest] 1267347  - [39m02/22/2026, 9:11:02 PM [95m  DEBUG[39m [38;5;3m[GrpcUsersController] [39m[95mgRPC GetUserByAuthId: undefined[39m
@ai-coach/user-service:dev: [32m[Nest] 1267347  - [39m02/22/2026, 9:11:15 PM [32m    LOG[39m [38;5;3m[NestApplication] [39m[32mNest application successfully started[39m[38;5;3m +12028ms[39m
@ai-coach/user-service:dev: [32m[Nest] 1267347  - [39m02/22/2026, 9:11:15 PM [32m    LOG[39m [38;5;3m[UserService] [39m[32mUser Service HTTP running on port 3003[39m
@ai-coach/user-service:dev: [32m[Nest] 1267347  - [39m02/22/2026, 9:11:15 PM [32m    LOG[39m [38;5;3m[UserService] [39m[32mUser Service gRPC running on port 50052[39m
@ai-coach/user-service:dev: [32m[Nest] 1267347  - [39m02/22/2026, 9:11:15 PM [32m    LOG[39m [38;5;3m[UserService] [39m[32mEnvironment: development[39m
@ai-coach/user-service:dev: [32m[Nest] 1267347  - [39m02/22/2026, 9:11:15 PM [32m    LOG[39m [38;5;3m[UserService] [39m[32mSwagger docs: http://localhost:3003/docs[39m
@ai-coach/user-service:dev: [95m[Nest] 1267347  - [39m02/22/2026, 9:12:04 PM [95m  DEBUG[39m [38;5;3m[GrpcUsersController] [39m[95mgRPC GetUserByAuthId: undefined[39m
@ai-coach/user-service:dev: [95m[Nest] 1267347  - [39m02/22/2026, 9:12:52 PM [95m  DEBUG[39m [38;5;3m[GrpcUsersController] [39m[95mgRPC GetUserByAuthId: undefined[39m
@ai-coach/user-service:dev: [95m[Nest] 1267347  - [39m02/22/2026, 9:13:51 PM [95m  DEBUG[39m [38;5;3m[GrpcUsersController] [39m[95mgRPC GetUserByAuthId: 699b423a0b4ae72ea20bab66[39m
@ai-coach/user-service:dev: [95m[Nest] 1267347  - [39m02/22/2026, 9:15:57 PM [95m  DEBUG[39m [38;5;3m[GrpcUsersController] [39m[95mgRPC GetUserByAuthId: 699b423a0b4ae72ea20bab66[39m
@ai-coach/user-service:dev: [95m[Nest] 1267347  - [39m02/22/2026, 9:15:57 PM [95m  DEBUG[39m [38;5;3m[GrpcUsersController] [39m[95mgRPC GetUserByAuthId: 699b423a0b4ae72ea20bab66[39m
@ai-coach/user-service:dev: [95m[Nest] 1267347  - [39m02/22/2026, 9:15:57 PM [95m  DEBUG[39m [38;5;3m[GrpcUsersController] [39m[95mgRPC GetUserByAuthId: 699b423a0b4ae72ea20bab66[39m
@ai-coach/user-service:dev: [95m[Nest] 1267347  - [39m02/22/2026, 9:15:57 PM [95m  DEBUG[39m [38;5;3m[GrpcUsersController] [39m[95mgRPC GetUserByAuthId: 699b423a0b4ae72ea20bab66[39m
@ai-coach/user-service:dev: [95m[Nest] 1267347  - [39m02/22/2026, 9:16:33 PM [95m  DEBUG[39m [38;5;3m[GrpcUsersController] [39m[95mgRPC GetUserByAuthId: 699b423a0b4ae72ea20bab66[39m
@ai-coach/user-service:dev: [95m[Nest] 1267347  - [39m02/22/2026, 9:16:33 PM [95m  DEBUG[39m [38;5;3m[GrpcUsersController] [39m[95mgRPC GetUserByAuthId: 699b423a0b4ae72ea20bab66[39m
@ai-coach/user-service:dev: [95m[Nest] 1267347  - [39m02/22/2026, 9:16:33 PM [95m  DEBUG[39m [38;5;3m[GrpcUsersController] [39m[95mgRPC GetUserByAuthId: 699b423a0b4ae72ea20bab66[39m
@ai-coach/user-service:dev: [95m[Nest] 1267347  - [39m02/22/2026, 9:20:34 PM [95m  DEBUG[39m [38;5;3m[GrpcUsersController] [39m[95mgRPC GetUserByAuthId: 699b423a0b4ae72ea20bab66[39m
@ai-coach/user-service:dev: [95m[Nest] 1267347  - [39m02/22/2026, 9:20:35 PM [95m  DEBUG[39m [38;5;3m[GrpcUsersController] [39m[95mgRPC GetUserByAuthId: 699b423a0b4ae72ea20bab66[39m
@ai-coach/user-service:dev: [95m[Nest] 1267347  - [39m02/22/2026, 9:20:35 PM [95m  DEBUG[39m [38;5;3m[GrpcUsersController] [39m[95mgRPC GetUserByAuthId: 699b423a0b4ae72ea20bab66[39m
@ai-coach/user-service:dev: [95m[Nest] 1267347  - [39m02/22/2026, 9:22:40 PM [95m  DEBUG[39m [38;5;3m[GrpcUsersController] [39m[95mgRPC GetUserByAuthId: 699b423a0b4ae72ea20bab66[39m
@ai-coach/user-service:dev: [95m[Nest] 1267347  - [39m02/22/2026, 9:22:40 PM [95m  DEBUG[39m [38;5;3m[GrpcUsersController] [39m[95mgRPC GetUserByAuthId: 699b423a0b4ae72ea20bab66[39m
@ai-coach/user-service:dev: [95m[Nest] 1267347  - [39m02/22/2026, 9:22:40 PM [95m  DEBUG[39m [38;5;3m[GrpcUsersController] [39m[95mgRPC GetUserByAuthId: 699b423a0b4ae72ea20bab66[39m
@ai-coach/user-service:dev: [95m[Nest] 1267347  - [39m02/22/2026, 9:22:40 PM [95m  DEBUG[39m [38;5;3m[GrpcUsersController] [39m[95mgRPC GetUserByAuthId: 699b423a0b4ae72ea20bab66[39m
@ai-coach/user-service:dev: [95m[Nest] 1267347  - [39m02/22/2026, 9:22:47 PM [95m  DEBUG[39m [38;5;3m[GrpcUsersController] [39m[95mgRPC GetUserByAuthId: 699b423a0b4ae72ea20bab66[39m
@ai-coach/user-service:dev: [95m[Nest] 1267347  - [39m02/22/2026, 9:22:47 PM [95m  DEBUG[39m [38;5;3m[GrpcUsersController] [39m[95mgRPC GetUserByAuthId: 699b423a0b4ae72ea20bab66[39m
@ai-coach/user-service:dev: [95m[Nest] 1267347  - [39m02/22/2026, 9:30:19 PM [95m  DEBUG[39m [38;5;3m[GrpcUsersController] [39m[95mgRPC GetUserByAuthId: 699b423a0b4ae72ea20bab66[39m
